Using pre-set license
Built from '2020.3/staging' branch; Version is '2020.3.5f1 (8095aa901b9b) revision 8426922'; Using compiler version '192528614'; Build Type 'Release'
OS: 'Windows 10 Pro; OS build 22621.963; Version 2009; 64bit' Language: 'tr' Physical Memory: 32683 MB
BatchMode: 1, IsHumanControllingUs: 0, StartBugReporterOnCrash: 0, Is64bit: 1, IsPro: 0

 COMMAND LINE ARGUMENTS:
C:\Program Files\Unity\Hub\Editor\2020.3.5f1\Editor\Unity.exe
-adb2
-batchMode
-noUpm
-name
AssetImportWorker0
-projectPath
C:/Users/Huseyin/Desktop/SENATUS/MAXIMUS_REVENGE/MAXIMUS_REVENGE
-logFile
Logs/AssetImportWorker0.log
-srvPort
56719
Successfully changed project path to: C:/Users/Huseyin/Desktop/SENATUS/MAXIMUS_REVENGE/MAXIMUS_REVENGE
C:/Users/Huseyin/Desktop/SENATUS/MAXIMUS_REVENGE/MAXIMUS_REVENGE
Using Asset Import Pipeline V2.
Refreshing native plugins compatible for Editor in 44.90 ms, found 1 plugins.
Preloading 0 native plugins for Editor in 0.00 ms.
Initialize engine version: 2020.3.5f1 (8095aa901b9b)
[Subsystems] Discovering subsystems at path C:/Program Files/Unity/Hub/Editor/2020.3.5f1/Editor/Data/Resources/UnitySubsystems
[Subsystems] Discovering subsystems at path C:/Users/Huseyin/Desktop/SENATUS/MAXIMUS_REVENGE/MAXIMUS_REVENGE/Assets
GfxDevice: creating device client; threaded=0
Direct3D:
    Version:  Direct3D 11.0 [level 11.1]
    Renderer: NVIDIA GeForce RTX 3070 (ID=0x2484)
    Vendor:   
    VRAM:     8032 MB
    Driver:   31.0.15.2756
Initialize mono
Mono path[0] = 'C:/Program Files/Unity/Hub/Editor/2020.3.5f1/Editor/Data/Managed'
Mono path[1] = 'C:/Program Files/Unity/Hub/Editor/2020.3.5f1/Editor/Data/MonoBleedingEdge/lib/mono/unityjit'
Mono config path = 'C:/Program Files/Unity/Hub/Editor/2020.3.5f1/Editor/Data/MonoBleedingEdge/etc'
Using monoOptions --debugger-agent=transport=dt_socket,embedding=1,server=y,suspend=n,address=127.0.0.1:56224
Begin MonoManager ReloadAssembly
Registering precompiled unity dll's ...
Register platform support module: C:/Program Files/Unity/Hub/Editor/2020.3.5f1/Editor/Data/PlaybackEngines/WindowsStandaloneSupport/UnityEditor.WindowsStandalone.Extensions.dll
Registered in 0.001387 seconds.
Native extension for WindowsStandalone target not found
Refreshing native plugins compatible for Editor in 39.56 ms, found 1 plugins.
Preloading 0 native plugins for Editor in 0.00 ms.
Mono: successfully reloaded assembly
- Completed reload, in  2.519 seconds
Platform modules already initialized, skipping
Registering precompiled user dll's ...
Registered in 0.001730 seconds.
Begin MonoManager ReloadAssembly
Native extension for WindowsStandalone target not found
Refreshing native plugins compatible for Editor in 45.18 ms, found 1 plugins.
Preloading 0 native plugins for Editor in 0.00 ms.
Mono: successfully reloaded assembly
- Completed reload, in  0.976 seconds
Platform modules already initialized, skipping
========================================================================
Worker process is ready to serve import requests
Launched and connected shader compiler UnityShaderCompiler.exe after 0.05 seconds
Refreshing native plugins compatible for Editor in 0.50 ms, found 1 plugins.
Preloading 0 native plugins for Editor in 0.00 ms.
Unloading 2044 Unused Serialized files (Serialized files now loaded: 0)
System memory in use before: 94.8 MB.
System memory in use after: 94.8 MB.

Unloading 25 unused Assets to reduce memory usage. Loaded Objects now: 2493.
Total: 2.859000 ms (FindLiveObjects: 0.248600 ms CreateObjectMapping: 0.110600 ms MarkObjects: 2.398900 ms  DeleteObjects: 0.099400 ms)

========================================================================
Received Import Request.
  path: Assets/Resources/Hero/AttackSensor.cs
  artifactKey: Guid(00e28501c554ad143b51b815db96bc4b) Importer(815301076,1909f56bfc062723c751e8b465ee728b)
Start importing Assets/Resources/Hero/AttackSensor.cs using Guid(00e28501c554ad143b51b815db96bc4b) Importer(815301076,1909f56bfc062723c751e8b465ee728b)  -> (artifact id: 'd36454ff15b0af84ad674dcf34e82aab') in 0.036451 seconds
  Import took 0.039585 seconds .

========================================================================
Received Prepare
Refreshing native plugins compatible for Editor in 1.91 ms, found 1 plugins.
Preloading 0 native plugins for Editor in 0.00 ms.
Unloading 11 Unused Serialized files (Serialized files now loaded: 0)
System memory in use before: 53.2 MB.
System memory in use after: 53.2 MB.

Unloading 11 unused Assets to reduce memory usage. Loaded Objects now: 2493.
Total: 2.035800 ms (FindLiveObjects: 0.210900 ms CreateObjectMapping: 0.074200 ms MarkObjects: 1.674800 ms  DeleteObjects: 0.075300 ms)

========================================================================
Received Prepare
Registering precompiled user dll's ...
Registered in 0.001706 seconds.
Begin MonoManager ReloadAssembly
Native extension for WindowsStandalone target not found
Refreshing native plugins compatible for Editor in 0.77 ms, found 1 plugins.
Preloading 0 native plugins for Editor in 0.00 ms.
Mono: successfully reloaded assembly
- Completed reload, in  0.623 seconds
Platform modules already initialized, skipping
Refreshing native plugins compatible for Editor in 0.46 ms, found 1 plugins.
Preloading 0 native plugins for Editor in 0.00 ms.
Unloading 2022 Unused Serialized files (Serialized files now loaded: 0)
System memory in use before: 93.2 MB.
System memory in use after: 93.2 MB.

Unloading 14 unused Assets to reduce memory usage. Loaded Objects now: 2497.
Total: 1.909500 ms (FindLiveObjects: 0.242300 ms CreateObjectMapping: 0.060500 ms MarkObjects: 1.534200 ms  DeleteObjects: 0.071700 ms)

========================================================================
Received Prepare
Registering precompiled user dll's ...
Registered in 0.001616 seconds.
Begin MonoManager ReloadAssembly
Native extension for WindowsStandalone target not found
Refreshing native plugins compatible for Editor in 0.54 ms, found 1 plugins.
Preloading 0 native plugins for Editor in 0.00 ms.
Mono: successfully reloaded assembly
- Completed reload, in  0.581 seconds
Platform modules already initialized, skipping
Refreshing native plugins compatible for Editor in 0.50 ms, found 1 plugins.
Preloading 0 native plugins for Editor in 0.00 ms.
Unloading 2022 Unused Serialized files (Serialized files now loaded: 0)
System memory in use before: 93.3 MB.
System memory in use after: 93.3 MB.

Unloading 14 unused Assets to reduce memory usage. Loaded Objects now: 2501.
Total: 2.386600 ms (FindLiveObjects: 0.297200 ms CreateObjectMapping: 0.124200 ms MarkObjects: 1.881800 ms  DeleteObjects: 0.082200 ms)

========================================================================
Received Prepare
Registering precompiled user dll's ...
Registered in 0.002219 seconds.
Begin MonoManager ReloadAssembly
Native extension for WindowsStandalone target not found
Refreshing native plugins compatible for Editor in 0.46 ms, found 1 plugins.
Preloading 0 native plugins for Editor in 0.00 ms.
Mono: successfully reloaded assembly
- Completed reload, in  0.608 seconds
Platform modules already initialized, skipping
Refreshing native plugins compatible for Editor in 0.47 ms, found 1 plugins.
Preloading 0 native plugins for Editor in 0.00 ms.
Unloading 2022 Unused Serialized files (Serialized files now loaded: 0)
System memory in use before: 93.3 MB.
System memory in use after: 93.3 MB.

Unloading 14 unused Assets to reduce memory usage. Loaded Objects now: 2505.
Total: 2.126700 ms (FindLiveObjects: 0.223900 ms CreateObjectMapping: 0.104900 ms MarkObjects: 1.722200 ms  DeleteObjects: 0.074900 ms)

========================================================================
Received Import Request.
  Time since last request: 815.298626 seconds.
  path: Assets/Resources/Sounds/defence.mp3
  artifactKey: Guid(2640f7076adb01a47ba5e3b6acc7f60a) Importer(815301076,1909f56bfc062723c751e8b465ee728b)
Start importing Assets/Resources/Sounds/defence.mp3 using Guid(2640f7076adb01a47ba5e3b6acc7f60a) Importer(815301076,1909f56bfc062723c751e8b465ee728b)  -> (artifact id: '10a132cb373a7486f300ed1055cf9f4c') in 0.076194 seconds
  Import took 0.079165 seconds .

========================================================================
Received Import Request.
  Time since last request: 8.529359 seconds.
  path: Assets/Resources/Hero/Hero.prefab
  artifactKey: Guid(3b2c34e83c307f34caa615a8f9b3671d) Importer(815301076,1909f56bfc062723c751e8b465ee728b)
Start importing Assets/Resources/Hero/Hero.prefab using Guid(3b2c34e83c307f34caa615a8f9b3671d) Importer(815301076,1909f56bfc062723c751e8b465ee728b)  -> (artifact id: 'd8085e350d0933c4e2da69c6cd531ba4') in 0.068344 seconds
  Import took 0.071476 seconds .

========================================================================
Received Import Request.
  Time since last request: 5.218355 seconds.
  path: Assets/Resources/Hero/Hero.prefab
  artifactKey: Guid(3b2c34e83c307f34caa615a8f9b3671d) Importer(815301076,1909f56bfc062723c751e8b465ee728b)
Start importing Assets/Resources/Hero/Hero.prefab using Guid(3b2c34e83c307f34caa615a8f9b3671d) Importer(815301076,1909f56bfc062723c751e8b465ee728b)  -> (artifact id: '04b75581b74222ae39bfbe78ee0e0fb4') in 0.021504 seconds
  Import took 0.025136 seconds .

========================================================================
Received Import Request.
  Time since last request: 6.635222 seconds.
  path: Assets/Resources/Hero/Hero.prefab
  artifactKey: Guid(3b2c34e83c307f34caa615a8f9b3671d) Importer(815301076,1909f56bfc062723c751e8b465ee728b)
Start importing Assets/Resources/Hero/Hero.prefab using Guid(3b2c34e83c307f34caa615a8f9b3671d) Importer(815301076,1909f56bfc062723c751e8b465ee728b)  -> (artifact id: '7b601e14b6749dc50b540ed116dbe980') in 0.020274 seconds
  Import took 0.023317 seconds .

========================================================================
Received Import Request.
  Time since last request: 9.224769 seconds.
  path: Assets/Resources/Hero/Hero.cs
  artifactKey: Guid(44f9c780a57678d478d72b8206e810e8) Importer(815301076,1909f56bfc062723c751e8b465ee728b)
Start importing Assets/Resources/Hero/Hero.cs using Guid(44f9c780a57678d478d72b8206e810e8) Importer(815301076,1909f56bfc062723c751e8b465ee728b)  -> (artifact id: '0cd524c2a05f68364d9d687405bc2a1e') in 0.002088 seconds
  Import took 0.004851 seconds .

========================================================================
Received Import Request.
  Time since last request: 0.000674 seconds.
  path: Assets/Resources/Hero/Hero.cs
  artifactKey: Guid(44f9c780a57678d478d72b8206e810e8) Importer(815301076,1909f56bfc062723c751e8b465ee728b)
Start importing Assets/Resources/Hero/Hero.cs using Guid(44f9c780a57678d478d72b8206e810e8) Importer(815301076,1909f56bfc062723c751e8b465ee728b)  -> (artifact id: '0cd524c2a05f68364d9d687405bc2a1e') in 0.001617 seconds
  Import took 0.003461 seconds .

========================================================================
Received Prepare
Registering precompiled user dll's ...
Registered in 0.001922 seconds.
Begin MonoManager ReloadAssembly
Native extension for WindowsStandalone target not found
Refreshing native plugins compatible for Editor in 0.48 ms, found 1 plugins.
Preloading 0 native plugins for Editor in 0.00 ms.
Mono: successfully reloaded assembly
- Completed reload, in  0.600 seconds
Platform modules already initialized, skipping
Refreshing native plugins compatible for Editor in 0.45 ms, found 1 plugins.
Preloading 0 native plugins for Editor in 0.00 ms.
Unloading 2022 Unused Serialized files (Serialized files now loaded: 0)
System memory in use before: 96.4 MB.
System memory in use after: 96.4 MB.

Unloading 14 unused Assets to reduce memory usage. Loaded Objects now: 2518.
Total: 1.944200 ms (FindLiveObjects: 0.267400 ms CreateObjectMapping: 0.097500 ms MarkObjects: 1.510900 ms  DeleteObjects: 0.067300 ms)

========================================================================
Received Import Request.
  Time since last request: 60.854332 seconds.
  path: Assets/Resources/Hero/Hero.cs
  artifactKey: Guid(44f9c780a57678d478d72b8206e810e8) Importer(815301076,1909f56bfc062723c751e8b465ee728b)
Start importing Assets/Resources/Hero/Hero.cs using Guid(44f9c780a57678d478d72b8206e810e8) Importer(815301076,1909f56bfc062723c751e8b465ee728b)  -> (artifact id: 'cf38ee4292b2f4e69e9c9e3a755ab4da') in 0.004517 seconds
  Import took 0.007419 seconds .

========================================================================
Received Import Request.
  Time since last request: 0.024120 seconds.
  path: Assets/Resources/Hero/Hero.cs
  artifactKey: Guid(44f9c780a57678d478d72b8206e810e8) Importer(815301076,1909f56bfc062723c751e8b465ee728b)
Start importing Assets/Resources/Hero/Hero.cs using Guid(44f9c780a57678d478d72b8206e810e8) Importer(815301076,1909f56bfc062723c751e8b465ee728b)  -> (artifact id: 'cf38ee4292b2f4e69e9c9e3a755ab4da') in 0.001972 seconds
  Import took 0.004558 seconds .

========================================================================
Received Prepare
Registering precompiled user dll's ...
Registered in 0.001774 seconds.
Begin MonoManager ReloadAssembly
Native extension for WindowsStandalone target not found
Refreshing native plugins compatible for Editor in 0.47 ms, found 1 plugins.
Preloading 0 native plugins for Editor in 0.00 ms.
Mono: successfully reloaded assembly
- Completed reload, in  0.567 seconds
Platform modules already initialized, skipping
Refreshing native plugins compatible for Editor in 0.46 ms, found 1 plugins.
Preloading 0 native plugins for Editor in 0.00 ms.
Unloading 2022 Unused Serialized files (Serialized files now loaded: 0)
System memory in use before: 96.4 MB.
System memory in use after: 96.4 MB.

Unloading 14 unused Assets to reduce memory usage. Loaded Objects now: 2522.
Total: 2.255800 ms (FindLiveObjects: 0.306600 ms CreateObjectMapping: 0.102400 ms MarkObjects: 1.772300 ms  DeleteObjects: 0.073900 ms)

========================================================================
Received Prepare
Registering precompiled user dll's ...
Registered in 0.001634 seconds.
Begin MonoManager ReloadAssembly
Native extension for WindowsStandalone target not found
Refreshing native plugins compatible for Editor in 0.48 ms, found 1 plugins.
Preloading 0 native plugins for Editor in 0.00 ms.
Mono: successfully reloaded assembly
- Completed reload, in  0.611 seconds
Platform modules already initialized, skipping
Refreshing native plugins compatible for Editor in 0.47 ms, found 1 plugins.
Preloading 0 native plugins for Editor in 0.00 ms.
Unloading 2022 Unused Serialized files (Serialized files now loaded: 0)
System memory in use before: 96.4 MB.
System memory in use after: 96.4 MB.

Unloading 14 unused Assets to reduce memory usage. Loaded Objects now: 2526.
Total: 1.922800 ms (FindLiveObjects: 0.227000 ms CreateObjectMapping: 0.086300 ms MarkObjects: 1.536900 ms  DeleteObjects: 0.071900 ms)

========================================================================
Received Prepare
Registering precompiled user dll's ...
Registered in 0.001651 seconds.
Begin MonoManager ReloadAssembly
Native extension for WindowsStandalone target not found
Refreshing native plugins compatible for Editor in 0.47 ms, found 1 plugins.
Preloading 0 native plugins for Editor in 0.00 ms.
Mono: successfully reloaded assembly
- Completed reload, in  0.577 seconds
Platform modules already initialized, skipping
Refreshing native plugins compatible for Editor in 0.47 ms, found 1 plugins.
Preloading 0 native plugins for Editor in 0.00 ms.
Unloading 2022 Unused Serialized files (Serialized files now loaded: 0)
System memory in use before: 96.4 MB.
System memory in use after: 96.4 MB.

Unloading 14 unused Assets to reduce memory usage. Loaded Objects now: 2530.
Total: 2.203900 ms (FindLiveObjects: 0.268600 ms CreateObjectMapping: 0.103300 ms MarkObjects: 1.746000 ms  DeleteObjects: 0.085100 ms)

========================================================================
Received Prepare
Registering precompiled user dll's ...
Registered in 0.001640 seconds.
Begin MonoManager ReloadAssembly
Native extension for WindowsStandalone target not found
Refreshing native plugins compatible for Editor in 0.48 ms, found 1 plugins.
Preloading 0 native plugins for Editor in 0.00 ms.
Mono: successfully reloaded assembly
- Completed reload, in  0.601 seconds
Platform modules already initialized, skipping
Refreshing native plugins compatible for Editor in 0.48 ms, found 1 plugins.
Preloading 0 native plugins for Editor in 0.00 ms.
Unloading 2022 Unused Serialized files (Serialized files now loaded: 0)
System memory in use before: 96.4 MB.
System memory in use after: 96.4 MB.

Unloading 14 unused Assets to reduce memory usage. Loaded Objects now: 2534.
Total: 2.386300 ms (FindLiveObjects: 0.313900 ms CreateObjectMapping: 0.104700 ms MarkObjects: 1.882000 ms  DeleteObjects: 0.084800 ms)

========================================================================
Received Prepare
Registering precompiled user dll's ...
Registered in 0.001694 seconds.
Begin MonoManager ReloadAssembly
Native extension for WindowsStandalone target not found
Refreshing native plugins compatible for Editor in 0.47 ms, found 1 plugins.
Preloading 0 native plugins for Editor in 0.00 ms.
Mono: successfully reloaded assembly
- Completed reload, in  0.611 seconds
Platform modules already initialized, skipping
Refreshing native plugins compatible for Editor in 0.46 ms, found 1 plugins.
Preloading 0 native plugins for Editor in 0.00 ms.
Unloading 2022 Unused Serialized files (Serialized files now loaded: 0)
System memory in use before: 96.4 MB.
System memory in use after: 96.4 MB.

Unloading 14 unused Assets to reduce memory usage. Loaded Objects now: 2538.
Total: 2.300700 ms (FindLiveObjects: 0.310800 ms CreateObjectMapping: 0.151600 ms MarkObjects: 1.753600 ms  DeleteObjects: 0.083900 ms)

========================================================================
Received Import Request.
  Time since last request: 592.121397 seconds.
  path: Assets/Scenes/Level1.unity
  artifactKey: Guid(f6edb14306d707446a5e3dc335ff4aab) Importer(815301076,1909f56bfc062723c751e8b465ee728b)
Start importing Assets/Scenes/Level1.unity using Guid(f6edb14306d707446a5e3dc335ff4aab) Importer(815301076,1909f56bfc062723c751e8b465ee728b)  -> (artifact id: '6ec9d302ce26cdb83feec8a9d663de49') in 0.009620 seconds
  Import took 0.012438 seconds .

========================================================================
Received Prepare
Registering precompiled user dll's ...
Registered in 0.001679 seconds.
Begin MonoManager ReloadAssembly
Native extension for WindowsStandalone target not found
Refreshing native plugins compatible for Editor in 0.51 ms, found 1 plugins.
Preloading 0 native plugins for Editor in 0.00 ms.
Mono: successfully reloaded assembly
- Completed reload, in  0.597 seconds
Platform modules already initialized, skipping
Refreshing native plugins compatible for Editor in 0.46 ms, found 1 plugins.
Preloading 0 native plugins for Editor in 0.00 ms.
Unloading 2022 Unused Serialized files (Serialized files now loaded: 0)
System memory in use before: 96.4 MB.
System memory in use after: 96.5 MB.

Unloading 14 unused Assets to reduce memory usage. Loaded Objects now: 2542.
Total: 1.889000 ms (FindLiveObjects: 0.220600 ms CreateObjectMapping: 0.078000 ms MarkObjects: 1.505700 ms  DeleteObjects: 0.083700 ms)

========================================================================
Received Prepare
Registering precompiled user dll's ...
Registered in 0.002626 seconds.
Begin MonoManager ReloadAssembly
Native extension for WindowsStandalone target not found
Refreshing native plugins compatible for Editor in 0.51 ms, found 1 plugins.
Preloading 0 native plugins for Editor in 0.00 ms.
Mono: successfully reloaded assembly
- Completed reload, in  0.741 seconds
Platform modules already initialized, skipping
Refreshing native plugins compatible for Editor in 0.75 ms, found 1 plugins.
Preloading 0 native plugins for Editor in 0.00 ms.
Unloading 2022 Unused Serialized files (Serialized files now loaded: 0)
System memory in use before: 96.4 MB.
System memory in use after: 96.5 MB.

Unloading 14 unused Assets to reduce memory usage. Loaded Objects now: 2546.
Total: 2.367800 ms (FindLiveObjects: 0.223600 ms CreateObjectMapping: 0.119500 ms MarkObjects: 1.935600 ms  DeleteObjects: 0.088100 ms)

========================================================================
Received Prepare
Registering precompiled user dll's ...
Registered in 0.001722 seconds.
Begin MonoManager ReloadAssembly
Native extension for WindowsStandalone target not found
Refreshing native plugins compatible for Editor in 0.48 ms, found 1 plugins.
Preloading 0 native plugins for Editor in 0.00 ms.
Mono: successfully reloaded assembly
- Completed reload, in  0.595 seconds
Platform modules already initialized, skipping
Refreshing native plugins compatible for Editor in 0.54 ms, found 1 plugins.
Preloading 0 native plugins for Editor in 0.00 ms.
Unloading 2022 Unused Serialized files (Serialized files now loaded: 0)
System memory in use before: 96.5 MB.
System memory in use after: 96.5 MB.

Unloading 14 unused Assets to reduce memory usage. Loaded Objects now: 2550.
Total: 1.841400 ms (FindLiveObjects: 0.199900 ms CreateObjectMapping: 0.068600 ms MarkObjects: 1.479900 ms  DeleteObjects: 0.092400 ms)

========================================================================
Received Prepare
Registering precompiled user dll's ...
Registered in 0.001868 seconds.
Begin MonoManager ReloadAssembly
Native extension for WindowsStandalone target not found
Refreshing native plugins compatible for Editor in 0.47 ms, found 1 plugins.
Preloading 0 native plugins for Editor in 0.00 ms.
Mono: successfully reloaded assembly
- Completed reload, in  0.600 seconds
Platform modules already initialized, skipping
Refreshing native plugins compatible for Editor in 0.45 ms, found 1 plugins.
Preloading 0 native plugins for Editor in 0.00 ms.
Unloading 2022 Unused Serialized files (Serialized files now loaded: 0)
System memory in use before: 96.5 MB.
System memory in use after: 96.5 MB.

Unloading 14 unused Assets to reduce memory usage. Loaded Objects now: 2554.
Total: 2.160000 ms (FindLiveObjects: 0.337300 ms CreateObjectMapping: 0.092200 ms MarkObjects: 1.652500 ms  DeleteObjects: 0.076900 ms)

========================================================================
Received Prepare
Registering precompiled user dll's ...
Registered in 0.002039 seconds.
Begin MonoManager ReloadAssembly
Native extension for WindowsStandalone target not found
Refreshing native plugins compatible for Editor in 0.47 ms, found 1 plugins.
Preloading 0 native plugins for Editor in 0.00 ms.
Mono: successfully reloaded assembly
- Completed reload, in  0.619 seconds
Platform modules already initialized, skipping
Refreshing native plugins compatible for Editor in 0.45 ms, found 1 plugins.
Preloading 0 native plugins for Editor in 0.00 ms.
Unloading 2022 Unused Serialized files (Serialized files now loaded: 0)
System memory in use before: 96.5 MB.
System memory in use after: 96.5 MB.

Unloading 14 unused Assets to reduce memory usage. Loaded Objects now: 2558.
Total: 2.024000 ms (FindLiveObjects: 0.199500 ms CreateObjectMapping: 0.085300 ms MarkObjects: 1.663100 ms  DeleteObjects: 0.075100 ms)

========================================================================
Received Prepare
Registering precompiled user dll's ...
Registered in 0.001938 seconds.
Begin MonoManager ReloadAssembly
Native extension for WindowsStandalone target not found
Refreshing native plugins compatible for Editor in 0.47 ms, found 1 plugins.
Preloading 0 native plugins for Editor in 0.00 ms.
Mono: successfully reloaded assembly
- Completed reload, in  0.576 seconds
Platform modules already initialized, skipping
Refreshing native plugins compatible for Editor in 0.55 ms, found 1 plugins.
Preloading 0 native plugins for Editor in 0.00 ms.
Unloading 2022 Unused Serialized files (Serialized files now loaded: 0)
System memory in use before: 96.5 MB.
System memory in use after: 96.5 MB.

Unloading 14 unused Assets to reduce memory usage. Loaded Objects now: 2562.
Total: 2.381100 ms (FindLiveObjects: 0.295500 ms CreateObjectMapping: 0.115000 ms MarkObjects: 1.882300 ms  DeleteObjects: 0.087300 ms)

========================================================================
Received Prepare
Registering precompiled user dll's ...
Registered in 0.001744 seconds.
Begin MonoManager ReloadAssembly
Native extension for WindowsStandalone target not found
Refreshing native plugins compatible for Editor in 0.46 ms, found 1 plugins.
Preloading 0 native plugins for Editor in 0.00 ms.
Mono: successfully reloaded assembly
- Completed reload, in  0.594 seconds
Platform modules already initialized, skipping
Refreshing native plugins compatible for Editor in 0.45 ms, found 1 plugins.
Preloading 0 native plugins for Editor in 0.00 ms.
Unloading 2022 Unused Serialized files (Serialized files now loaded: 0)
System memory in use before: 96.5 MB.
System memory in use after: 96.5 MB.

Unloading 14 unused Assets to reduce memory usage. Loaded Objects now: 2566.
Total: 1.790300 ms (FindLiveObjects: 0.193000 ms CreateObjectMapping: 0.063600 ms MarkObjects: 1.454600 ms  DeleteObjects: 0.078300 ms)

========================================================================
Received Prepare
Registering precompiled user dll's ...
Registered in 0.001709 seconds.
Begin MonoManager ReloadAssembly
Native extension for WindowsStandalone target not found
Refreshing native plugins compatible for Editor in 0.50 ms, found 1 plugins.
Preloading 0 native plugins for Editor in 0.00 ms.
Mono: successfully reloaded assembly
- Completed reload, in  0.585 seconds
Platform modules already initialized, skipping
Refreshing native plugins compatible for Editor in 0.46 ms, found 1 plugins.
Preloading 0 native plugins for Editor in 0.00 ms.
Unloading 2022 Unused Serialized files (Serialized files now loaded: 0)
System memory in use before: 96.5 MB.
System memory in use after: 96.5 MB.

Unloading 14 unused Assets to reduce memory usage. Loaded Objects now: 2570.
Total: 2.562300 ms (FindLiveObjects: 0.389800 ms CreateObjectMapping: 0.184700 ms MarkObjects: 1.901600 ms  DeleteObjects: 0.084800 ms)

========================================================================
Received Prepare
Registering precompiled user dll's ...
Registered in 0.002649 seconds.
Begin MonoManager ReloadAssembly
Native extension for WindowsStandalone target not found
Refreshing native plugins compatible for Editor in 0.47 ms, found 1 plugins.
Preloading 0 native plugins for Editor in 0.00 ms.
Mono: successfully reloaded assembly
- Completed reload, in  0.599 seconds
Platform modules already initialized, skipping
Refreshing native plugins compatible for Editor in 0.46 ms, found 1 plugins.
Preloading 0 native plugins for Editor in 0.00 ms.
Unloading 2022 Unused Serialized files (Serialized files now loaded: 0)
System memory in use before: 96.5 MB.
System memory in use after: 96.6 MB.

Unloading 14 unused Assets to reduce memory usage. Loaded Objects now: 2574.
Total: 2.020000 ms (FindLiveObjects: 0.291800 ms CreateObjectMapping: 0.114900 ms MarkObjects: 1.534400 ms  DeleteObjects: 0.078000 ms)

========================================================================
Received Prepare
Registering precompiled user dll's ...
Registered in 0.001617 seconds.
Begin MonoManager ReloadAssembly
Native extension for WindowsStandalone target not found
Refreshing native plugins compatible for Editor in 0.46 ms, found 1 plugins.
Preloading 0 native plugins for Editor in 0.00 ms.
Mono: successfully reloaded assembly
- Completed reload, in  0.594 seconds
Platform modules already initialized, skipping
Refreshing native plugins compatible for Editor in 0.46 ms, found 1 plugins.
Preloading 0 native plugins for Editor in 0.00 ms.
Unloading 2022 Unused Serialized files (Serialized files now loaded: 0)
System memory in use before: 96.5 MB.
System memory in use after: 96.6 MB.

Unloading 14 unused Assets to reduce memory usage. Loaded Objects now: 2578.
Total: 2.002700 ms (FindLiveObjects: 0.212500 ms CreateObjectMapping: 0.081700 ms MarkObjects: 1.625800 ms  DeleteObjects: 0.081900 ms)

========================================================================
Received Import Request.
  Time since last request: 1326.027890 seconds.
  path: Assets/Bandits - Pixel Art/Demo/LightBandit.prefab
  artifactKey: Guid(2e2183501755a214591e802f3aff33d2) Importer(815301076,1909f56bfc062723c751e8b465ee728b)
Start importing Assets/Bandits - Pixel Art/Demo/LightBandit.prefab using Guid(2e2183501755a214591e802f3aff33d2) Importer(815301076,1909f56bfc062723c751e8b465ee728b)  -> (artifact id: '56c4f564d865847ad797c62661f398b2') in 0.091445 seconds
  Import took 0.095918 seconds .

========================================================================
Received Import Request.
  Time since last request: 0.002823 seconds.
  path: Assets/Bandits - Pixel Art/Demo/LightBandit.prefab
  artifactKey: Guid(2e2183501755a214591e802f3aff33d2) Importer(815301076,1909f56bfc062723c751e8b465ee728b)
Start importing Assets/Bandits - Pixel Art/Demo/LightBandit.prefab using Guid(2e2183501755a214591e802f3aff33d2) Importer(815301076,1909f56bfc062723c751e8b465ee728b)  -> (artifact id: '56c4f564d865847ad797c62661f398b2') in 0.038943 seconds
  Import took 0.043005 seconds .

========================================================================
Received Import Request.
  Time since last request: 5.986671 seconds.
  path: Assets/Bandits - Pixel Art/Demo/LightBandit.prefab
  artifactKey: Guid(2e2183501755a214591e802f3aff33d2) Importer(815301076,1909f56bfc062723c751e8b465ee728b)
Start importing Assets/Bandits - Pixel Art/Demo/LightBandit.prefab using Guid(2e2183501755a214591e802f3aff33d2) Importer(815301076,1909f56bfc062723c751e8b465ee728b)  -> (artifact id: 'c15347c450b86ee2869a03752a41dbf0') in 0.037511 seconds
  Import took 0.042046 seconds .

========================================================================
Received Import Request.
  Time since last request: 2.556701 seconds.
  path: Assets/Bandits - Pixel Art/Demo/LightBandit.prefab
  artifactKey: Guid(2e2183501755a214591e802f3aff33d2) Importer(815301076,1909f56bfc062723c751e8b465ee728b)
Start importing Assets/Bandits - Pixel Art/Demo/LightBandit.prefab using Guid(2e2183501755a214591e802f3aff33d2) Importer(815301076,1909f56bfc062723c751e8b465ee728b)  -> (artifact id: '9d2c440f46b4493fe165f1d73d1ecf39') in 0.031355 seconds
  Import took 0.035437 seconds .

========================================================================
Received Import Request.
  Time since last request: 5.148454 seconds.
  path: Assets/Bandits - Pixel Art/Demo/LightBandit.prefab
  artifactKey: Guid(2e2183501755a214591e802f3aff33d2) Importer(815301076,1909f56bfc062723c751e8b465ee728b)
Start importing Assets/Bandits - Pixel Art/Demo/LightBandit.prefab using Guid(2e2183501755a214591e802f3aff33d2) Importer(815301076,1909f56bfc062723c751e8b465ee728b)  -> (artifact id: '106560b03465985cd121ab0febf1b99b') in 0.050389 seconds
  Import took 0.055151 seconds .

========================================================================
Received Import Request.
  Time since last request: 2.887846 seconds.
  path: Assets/Bandits - Pixel Art/Demo/LightBandit.prefab
  artifactKey: Guid(2e2183501755a214591e802f3aff33d2) Importer(815301076,1909f56bfc062723c751e8b465ee728b)
Start importing Assets/Bandits - Pixel Art/Demo/LightBandit.prefab using Guid(2e2183501755a214591e802f3aff33d2) Importer(815301076,1909f56bfc062723c751e8b465ee728b)  -> (artifact id: '9b5c73c7f242abd97bb71d1cb9ec11b3') in 0.032619 seconds
  Import took 0.037001 seconds .

========================================================================
Received Import Request.
  Time since last request: 1.589063 seconds.
  path: Assets/Bandits - Pixel Art/Demo/LightBandit.prefab
  artifactKey: Guid(2e2183501755a214591e802f3aff33d2) Importer(815301076,1909f56bfc062723c751e8b465ee728b)
Start importing Assets/Bandits - Pixel Art/Demo/LightBandit.prefab using Guid(2e2183501755a214591e802f3aff33d2) Importer(815301076,1909f56bfc062723c751e8b465ee728b)  -> (artifact id: '6008a6e459871e48d3342b913fa70ceb') in 0.041619 seconds
  Import took 0.046102 seconds .

========================================================================
Received Import Request.
  Time since last request: 3.625374 seconds.
  path: Assets/Bandits - Pixel Art/Demo/LightBandit.prefab
  artifactKey: Guid(2e2183501755a214591e802f3aff33d2) Importer(815301076,1909f56bfc062723c751e8b465ee728b)
Start importing Assets/Bandits - Pixel Art/Demo/LightBandit.prefab using Guid(2e2183501755a214591e802f3aff33d2) Importer(815301076,1909f56bfc062723c751e8b465ee728b)  -> (artifact id: '0c2e6f488739c5e0738a7ad6baf9a84a') in 0.043298 seconds
  Import took 0.047483 seconds .

========================================================================
Received Import Request.
  Time since last request: 2.566599 seconds.
  path: Assets/Bandits - Pixel Art/Demo/LightBandit.prefab
  artifactKey: Guid(2e2183501755a214591e802f3aff33d2) Importer(815301076,1909f56bfc062723c751e8b465ee728b)
Start importing Assets/Bandits - Pixel Art/Demo/LightBandit.prefab using Guid(2e2183501755a214591e802f3aff33d2) Importer(815301076,1909f56bfc062723c751e8b465ee728b)  -> (artifact id: '85e67a2dfb5270dcb32ffa68d63907b9') in 0.032646 seconds
  Import took 0.036998 seconds .

========================================================================
Received Import Request.
  Time since last request: 3.616856 seconds.
  path: Assets/Bandits - Pixel Art/Demo/LightBandit.prefab
  artifactKey: Guid(2e2183501755a214591e802f3aff33d2) Importer(815301076,1909f56bfc062723c751e8b465ee728b)
Start importing Assets/Bandits - Pixel Art/Demo/LightBandit.prefab using Guid(2e2183501755a214591e802f3aff33d2) Importer(815301076,1909f56bfc062723c751e8b465ee728b)  -> (artifact id: '54b6c91b09204b51204e086ff9c6deac') in 0.041276 seconds
  Import took 0.045694 seconds .

========================================================================
Received Import Request.
  Time since last request: 2.606129 seconds.
  path: Assets/Bandits - Pixel Art/Demo/LightBandit.prefab
  artifactKey: Guid(2e2183501755a214591e802f3aff33d2) Importer(815301076,1909f56bfc062723c751e8b465ee728b)
Start importing Assets/Bandits - Pixel Art/Demo/LightBandit.prefab using Guid(2e2183501755a214591e802f3aff33d2) Importer(815301076,1909f56bfc062723c751e8b465ee728b)  -> (artifact id: '45c1682d67c298fc8ab07aaffc65455d') in 0.046081 seconds
  Import took 0.050467 seconds .

========================================================================
Received Import Request.
  Time since last request: 2.728879 seconds.
  path: Assets/Bandits - Pixel Art/Demo/LightBandit.prefab
  artifactKey: Guid(2e2183501755a214591e802f3aff33d2) Importer(815301076,1909f56bfc062723c751e8b465ee728b)
Start importing Assets/Bandits - Pixel Art/Demo/LightBandit.prefab using Guid(2e2183501755a214591e802f3aff33d2) Importer(815301076,1909f56bfc062723c751e8b465ee728b)  -> (artifact id: 'dab19028d3c67fba508bad69e21432c6') in 0.047390 seconds
  Import took 0.052011 seconds .

========================================================================
Received Import Request.
  Time since last request: 7.093957 seconds.
  path: Assets/Resources/Hero/Hero.prefab
  artifactKey: Guid(3b2c34e83c307f34caa615a8f9b3671d) Importer(815301076,1909f56bfc062723c751e8b465ee728b)
Start importing Assets/Resources/Hero/Hero.prefab using Guid(3b2c34e83c307f34caa615a8f9b3671d) Importer(815301076,1909f56bfc062723c751e8b465ee728b)  -> (artifact id: '62c42b9bca6e169abd15602a4a916d06') in 0.020339 seconds
  Import took 0.023349 seconds .

========================================================================
Received Import Request.
  Time since last request: 1.117278 seconds.
  path: Assets/Resources/Hero/Hero.cs
  artifactKey: Guid(44f9c780a57678d478d72b8206e810e8) Importer(815301076,1909f56bfc062723c751e8b465ee728b)
Start importing Assets/Resources/Hero/Hero.cs using Guid(44f9c780a57678d478d72b8206e810e8) Importer(815301076,1909f56bfc062723c751e8b465ee728b)  -> (artifact id: '8ee519a26cfcdb3b5f68a132f60bd2f8') in 0.001772 seconds
  Import took 0.004412 seconds .

========================================================================
Received Import Request.
  Time since last request: 0.003326 seconds.
  path: Assets/Resources/Hero/Hero.cs
  artifactKey: Guid(44f9c780a57678d478d72b8206e810e8) Importer(815301076,1909f56bfc062723c751e8b465ee728b)
Start importing Assets/Resources/Hero/Hero.cs using Guid(44f9c780a57678d478d72b8206e810e8) Importer(815301076,1909f56bfc062723c751e8b465ee728b)  -> (artifact id: '8ee519a26cfcdb3b5f68a132f60bd2f8') in 0.001850 seconds
  Import took 0.004804 seconds .

========================================================================
Received Import Request.
  Time since last request: 29.219178 seconds.
  path: Assets/Bandits - Pixel Art/Demo/LightBandit.prefab
  artifactKey: Guid(2e2183501755a214591e802f3aff33d2) Importer(815301076,1909f56bfc062723c751e8b465ee728b)
Start importing Assets/Bandits - Pixel Art/Demo/LightBandit.prefab using Guid(2e2183501755a214591e802f3aff33d2) Importer(815301076,1909f56bfc062723c751e8b465ee728b)  -> (artifact id: '9e3952190d4672334d4cc6e97f9071de') in 0.032376 seconds
  Import took 0.037149 seconds .

========================================================================
Received Import Request.
  Time since last request: 5.794866 seconds.
  path: Assets/Bandits - Pixel Art/Demo/LightBandit.prefab
  artifactKey: Guid(2e2183501755a214591e802f3aff33d2) Importer(815301076,1909f56bfc062723c751e8b465ee728b)
Start importing Assets/Bandits - Pixel Art/Demo/LightBandit.prefab using Guid(2e2183501755a214591e802f3aff33d2) Importer(815301076,1909f56bfc062723c751e8b465ee728b)  -> (artifact id: '67faca8b7843de8bc31aee7ada70f116') in 0.030688 seconds
  Import took 0.035051 seconds .

========================================================================
Received Import Request.
  Time since last request: 8.090829 seconds.
  path: Assets/Bandits - Pixel Art/Demo/LightBandit.prefab
  artifactKey: Guid(2e2183501755a214591e802f3aff33d2) Importer(815301076,1909f56bfc062723c751e8b465ee728b)
Start importing Assets/Bandits - Pixel Art/Demo/LightBandit.prefab using Guid(2e2183501755a214591e802f3aff33d2) Importer(815301076,1909f56bfc062723c751e8b465ee728b)  -> (artifact id: 'b6eecb2606df20823e7c04118b85ffc2') in 0.037021 seconds
  Import took 0.041407 seconds .

========================================================================
Received Import Request.
  Time since last request: 4.440263 seconds.
  path: Assets/Bandits - Pixel Art/Demo/LightBandit.prefab
  artifactKey: Guid(2e2183501755a214591e802f3aff33d2) Importer(815301076,1909f56bfc062723c751e8b465ee728b)
Start importing Assets/Bandits - Pixel Art/Demo/LightBandit.prefab using Guid(2e2183501755a214591e802f3aff33d2) Importer(815301076,1909f56bfc062723c751e8b465ee728b)  -> (artifact id: '8d897ba36703eda613a93b7a422f94a9') in 0.035301 seconds
  Import took 0.039775 seconds .

========================================================================
Received Import Request.
  Time since last request: 4.848135 seconds.
  path: Assets/Bandits - Pixel Art/Demo/LightBandit.prefab
  artifactKey: Guid(2e2183501755a214591e802f3aff33d2) Importer(815301076,1909f56bfc062723c751e8b465ee728b)
Start importing Assets/Bandits - Pixel Art/Demo/LightBandit.prefab using Guid(2e2183501755a214591e802f3aff33d2) Importer(815301076,1909f56bfc062723c751e8b465ee728b)  -> (artifact id: 'b4088172b66221a17536ee50ba5831e6') in 0.026264 seconds
  Import took 0.030833 seconds .

========================================================================
Received Import Request.
  Time since last request: 16.897642 seconds.
  path: Assets/Bandits - Pixel Art/Demo/LightBandit.prefab
  artifactKey: Guid(2e2183501755a214591e802f3aff33d2) Importer(815301076,1909f56bfc062723c751e8b465ee728b)
Start importing Assets/Bandits - Pixel Art/Demo/LightBandit.prefab using Guid(2e2183501755a214591e802f3aff33d2) Importer(815301076,1909f56bfc062723c751e8b465ee728b)  -> (artifact id: '21ffccb7e00887344c33331d13ec1c0b') in 0.032186 seconds
  Import took 0.036895 seconds .

========================================================================
Received Import Request.
  Time since last request: 1.586144 seconds.
  path: Assets/Bandits - Pixel Art/Demo/LightBandit.prefab
  artifactKey: Guid(2e2183501755a214591e802f3aff33d2) Importer(815301076,1909f56bfc062723c751e8b465ee728b)
Start importing Assets/Bandits - Pixel Art/Demo/LightBandit.prefab using Guid(2e2183501755a214591e802f3aff33d2) Importer(815301076,1909f56bfc062723c751e8b465ee728b)  -> (artifact id: 'ce00349d047ea904ab4dad73bdb6267b') in 0.030100 seconds
  Import took 0.034239 seconds .

========================================================================
Received Import Request.
  Time since last request: 6.027089 seconds.
  path: Assets/Bandits - Pixel Art/Demo/LightBandit.prefab
  artifactKey: Guid(2e2183501755a214591e802f3aff33d2) Importer(815301076,1909f56bfc062723c751e8b465ee728b)
Start importing Assets/Bandits - Pixel Art/Demo/LightBandit.prefab using Guid(2e2183501755a214591e802f3aff33d2) Importer(815301076,1909f56bfc062723c751e8b465ee728b)  -> (artifact id: 'cd7ba7229cc65270406d9ab6053fba5b') in 0.038358 seconds
  Import took 0.042926 seconds .

========================================================================
Received Import Request.
  Time since last request: 5.203886 seconds.
  path: Assets/Bandits - Pixel Art/Demo/LightBandit.prefab
  artifactKey: Guid(2e2183501755a214591e802f3aff33d2) Importer(815301076,1909f56bfc062723c751e8b465ee728b)
Start importing Assets/Bandits - Pixel Art/Demo/LightBandit.prefab using Guid(2e2183501755a214591e802f3aff33d2) Importer(815301076,1909f56bfc062723c751e8b465ee728b)  -> (artifact id: '81f548c1ca9ed89fdcb5d08fa4603968') in 0.030628 seconds
  Import took 0.034748 seconds .

========================================================================
Received Import Request.
  Time since last request: 3.581602 seconds.
  path: Assets/Bandits - Pixel Art/Demo/LightBandit.prefab
  artifactKey: Guid(2e2183501755a214591e802f3aff33d2) Importer(815301076,1909f56bfc062723c751e8b465ee728b)
Start importing Assets/Bandits - Pixel Art/Demo/LightBandit.prefab using Guid(2e2183501755a214591e802f3aff33d2) Importer(815301076,1909f56bfc062723c751e8b465ee728b)  -> (artifact id: 'a48c85ce7e79b61cfcf6ab7952ca4504') in 0.033463 seconds
  Import took 0.037652 seconds .

========================================================================
Received Import Request.
  Time since last request: 3.407200 seconds.
  path: Assets/Bandits - Pixel Art/Demo/LightBandit.prefab
  artifactKey: Guid(2e2183501755a214591e802f3aff33d2) Importer(815301076,1909f56bfc062723c751e8b465ee728b)
Start importing Assets/Bandits - Pixel Art/Demo/LightBandit.prefab using Guid(2e2183501755a214591e802f3aff33d2) Importer(815301076,1909f56bfc062723c751e8b465ee728b)  -> (artifact id: '7b1307e0234327d410f3be13c3897a09') in 0.030789 seconds
  Import took 0.035148 seconds .

========================================================================
Received Prepare
Registering precompiled user dll's ...
Registered in 0.001709 seconds.
Begin MonoManager ReloadAssembly
Native extension for WindowsStandalone target not found
Refreshing native plugins compatible for Editor in 0.47 ms, found 1 plugins.
Preloading 0 native plugins for Editor in 0.00 ms.
Mono: successfully reloaded assembly
- Completed reload, in  0.590 seconds
Platform modules already initialized, skipping
Refreshing native plugins compatible for Editor in 0.46 ms, found 1 plugins.
Preloading 0 native plugins for Editor in 0.00 ms.
Unloading 2022 Unused Serialized files (Serialized files now loaded: 0)
System memory in use before: 96.7 MB.
System memory in use after: 96.7 MB.

Unloading 15 unused Assets to reduce memory usage. Loaded Objects now: 2583.
Total: 2.139300 ms (FindLiveObjects: 0.193200 ms CreateObjectMapping: 0.075800 ms MarkObjects: 1.768000 ms  DeleteObjects: 0.101500 ms)

========================================================================
Received Prepare
Registering precompiled user dll's ...
Registered in 0.001608 seconds.
Begin MonoManager ReloadAssembly
Native extension for WindowsStandalone target not found
Refreshing native plugins compatible for Editor in 0.47 ms, found 1 plugins.
Preloading 0 native plugins for Editor in 0.00 ms.
Mono: successfully reloaded assembly
- Completed reload, in  0.605 seconds
Platform modules already initialized, skipping
Refreshing native plugins compatible for Editor in 0.50 ms, found 1 plugins.
Preloading 0 native plugins for Editor in 0.00 ms.
Unloading 2022 Unused Serialized files (Serialized files now loaded: 0)
System memory in use before: 96.7 MB.
System memory in use after: 96.7 MB.

Unloading 14 unused Assets to reduce memory usage. Loaded Objects now: 2587.
Total: 2.344800 ms (FindLiveObjects: 0.232900 ms CreateObjectMapping: 0.096600 ms MarkObjects: 1.911000 ms  DeleteObjects: 0.103100 ms)

========================================================================
Received Import Request.
  Time since last request: 6950.729290 seconds.
  path: Assets/Resources/Boss
  artifactKey: Guid(c171319c34a971f40abc83f656cda470) Importer(815301076,1909f56bfc062723c751e8b465ee728b)
Start importing Assets/Resources/Boss using Guid(c171319c34a971f40abc83f656cda470) Importer(815301076,1909f56bfc062723c751e8b465ee728b)  -> (artifact id: '76ef61fd6dc11a319525813bdf784a48') in 0.005694 seconds
  Import took 0.009254 seconds .

========================================================================
Received Import Request.
  Time since last request: 4.924995 seconds.
  path: Assets/Resources/Boss/boss.png
  artifactKey: Guid(70a65d018c8f6794496246e6f22b8656) Importer(815301076,1909f56bfc062723c751e8b465ee728b)
Start importing Assets/Resources/Boss/boss.png using Guid(70a65d018c8f6794496246e6f22b8656) Importer(815301076,1909f56bfc062723c751e8b465ee728b)  -> (artifact id: '1f7eab102de5db13435c9b12a98c1173') in 0.047416 seconds
  Import took 0.050305 seconds .

========================================================================
Received Import Request.
  Time since last request: 10.772942 seconds.
  path: Assets/Resources/Boss/boss.png
  artifactKey: Guid(70a65d018c8f6794496246e6f22b8656) Importer(815301076,1909f56bfc062723c751e8b465ee728b)
Start importing Assets/Resources/Boss/boss.png using Guid(70a65d018c8f6794496246e6f22b8656) Importer(815301076,1909f56bfc062723c751e8b465ee728b)  -> (artifact id: 'bffe2d49b6e6c8cef85534c1902a9168') in 0.015688 seconds
  Import took 0.018249 seconds .

========================================================================
Received Import Request.
  Time since last request: 13.281845 seconds.
  path: Assets/Resources/Boss/boss.png
  artifactKey: Guid(70a65d018c8f6794496246e6f22b8656) Importer(815301076,1909f56bfc062723c751e8b465ee728b)
Start importing Assets/Resources/Boss/boss.png using Guid(70a65d018c8f6794496246e6f22b8656) Importer(815301076,1909f56bfc062723c751e8b465ee728b)  -> (artifact id: '7441adb68f92750b1067dccb015038ce') in 0.060317 seconds
  Import took 0.063793 seconds .

========================================================================
Received Import Request.
  Time since last request: 45.829142 seconds.
  path: Assets/Bandits - Pixel Art/Demo/LightBandit 1.prefab
  artifactKey: Guid(b30e846f1465b724a9a6544777e9a93e) Importer(815301076,1909f56bfc062723c751e8b465ee728b)
Start importing Assets/Bandits - Pixel Art/Demo/LightBandit 1.prefab using Guid(b30e846f1465b724a9a6544777e9a93e) Importer(815301076,1909f56bfc062723c751e8b465ee728b)  -> (artifact id: '6346affbf31d7ee6ab0c499891901e23') in 0.078813 seconds
  Import took 0.083349 seconds .

========================================================================
Received Import Request.
  Time since last request: 41.583576 seconds.
  path: Assets/Resources/Boss/Boss.prefab
  artifactKey: Guid(b30e846f1465b724a9a6544777e9a93e) Importer(815301076,1909f56bfc062723c751e8b465ee728b)
Start importing Assets/Resources/Boss/Boss.prefab using Guid(b30e846f1465b724a9a6544777e9a93e) Importer(815301076,1909f56bfc062723c751e8b465ee728b)  -> (artifact id: 'fd0827fb11544955058ea10aad0c8983') in 0.032527 seconds
  Import took 0.036919 seconds .

========================================================================
Received Import Request.
  Time since last request: 188.182092 seconds.
  path: Assets/Bandits - Pixel Art/Animations/Light Bandit/LightBandit_AnimController.controller
  artifactKey: Guid(b95265f99b6d90e438df1308a89c8bab) Importer(815301076,1909f56bfc062723c751e8b465ee728b)
Start importing Assets/Bandits - Pixel Art/Animations/Light Bandit/LightBandit_AnimController.controller using Guid(b95265f99b6d90e438df1308a89c8bab) Importer(815301076,1909f56bfc062723c751e8b465ee728b)  -> (artifact id: '21fbd6abad24ff95fb4582b969683315') in 0.017729 seconds
  Import took 0.020898 seconds .

========================================================================
Received Import Request.
  Time since last request: 1.505481 seconds.
  path: Assets/Bandits - Pixel Art/Animations/Light Bandit/LightBandit_AnimController 1.controller
  artifactKey: Guid(13a43e2a56e88e54c975d2d96afe2a2b) Importer(815301076,1909f56bfc062723c751e8b465ee728b)
Start importing Assets/Bandits - Pixel Art/Animations/Light Bandit/LightBandit_AnimController 1.controller using Guid(13a43e2a56e88e54c975d2d96afe2a2b) Importer(815301076,1909f56bfc062723c751e8b465ee728b)  -> (artifact id: 'feab3d4f718ed978cd3cd3a4193a8a07') in 0.006676 seconds
  Import took 0.009734 seconds .

AssetImportWorkerClient::OnTransportError - code=2 error=End of file
