Using pre-set license
Built from '2020.3/staging' branch; Version is '2020.3.5f1 (8095aa901b9b) revision 8426922'; Using compiler version '192528614'; Build Type 'Release'
OS: 'Windows 10 Pro; OS build 22621.963; Version 2009; 64bit' Language: 'tr' Physical Memory: 32683 MB
BatchMode: 1, IsHumanControllingUs: 0, StartBugReporterOnCrash: 0, Is64bit: 1, IsPro: 0

 COMMAND LINE ARGUMENTS:
C:\Program Files\Unity\Hub\Editor\2020.3.5f1\Editor\Unity.exe
-adb2
-batchMode
-noUpm
-name
AssetImportWorker0
-projectPath
C:/Users/Huseyin/Desktop/SENATUS/MAXIMUS_REVENGE/MAXIMUS_REVENGE
-logFile
Logs/AssetImportWorker0.log
-srvPort
57637
Successfully changed project path to: C:/Users/Huseyin/Desktop/SENATUS/MAXIMUS_REVENGE/MAXIMUS_REVENGE
C:/Users/Huseyin/Desktop/SENATUS/MAXIMUS_REVENGE/MAXIMUS_REVENGE
Using Asset Import Pipeline V2.
Refreshing native plugins compatible for Editor in 33.91 ms, found 1 plugins.
Preloading 0 native plugins for Editor in 0.00 ms.
Initialize engine version: 2020.3.5f1 (8095aa901b9b)
[Subsystems] Discovering subsystems at path C:/Program Files/Unity/Hub/Editor/2020.3.5f1/Editor/Data/Resources/UnitySubsystems
[Subsystems] Discovering subsystems at path C:/Users/Huseyin/Desktop/SENATUS/MAXIMUS_REVENGE/MAXIMUS_REVENGE/Assets
GfxDevice: creating device client; threaded=0
Direct3D:
    Version:  Direct3D 11.0 [level 11.1]
    Renderer: NVIDIA GeForce RTX 3070 (ID=0x2484)
    Vendor:   
    VRAM:     8032 MB
    Driver:   31.0.15.2756
Initialize mono
Mono path[0] = 'C:/Program Files/Unity/Hub/Editor/2020.3.5f1/Editor/Data/Managed'
Mono path[1] = 'C:/Program Files/Unity/Hub/Editor/2020.3.5f1/Editor/Data/MonoBleedingEdge/lib/mono/unityjit'
Mono config path = 'C:/Program Files/Unity/Hub/Editor/2020.3.5f1/Editor/Data/MonoBleedingEdge/etc'
Using monoOptions --debugger-agent=transport=dt_socket,embedding=1,server=y,suspend=n,address=127.0.0.1:56136
Begin MonoManager ReloadAssembly
Registering precompiled unity dll's ...
Register platform support module: C:/Program Files/Unity/Hub/Editor/2020.3.5f1/Editor/Data/PlaybackEngines/WindowsStandaloneSupport/UnityEditor.WindowsStandalone.Extensions.dll
Registered in 0.001785 seconds.
Native extension for WindowsStandalone target not found
Refreshing native plugins compatible for Editor in 51.10 ms, found 1 plugins.
Preloading 0 native plugins for Editor in 0.00 ms.
Mono: successfully reloaded assembly
- Completed reload, in  2.302 seconds
Platform modules already initialized, skipping
Registering precompiled user dll's ...
Registered in 0.002180 seconds.
Begin MonoManager ReloadAssembly
Native extension for WindowsStandalone target not found
Refreshing native plugins compatible for Editor in 55.54 ms, found 1 plugins.
Preloading 0 native plugins for Editor in 0.00 ms.
Mono: successfully reloaded assembly
- Completed reload, in  1.050 seconds
Platform modules already initialized, skipping
========================================================================
Worker process is ready to serve import requests
Launched and connected shader compiler UnityShaderCompiler.exe after 0.05 seconds
Refreshing native plugins compatible for Editor in 0.48 ms, found 1 plugins.
Preloading 0 native plugins for Editor in 0.00 ms.
Unloading 2044 Unused Serialized files (Serialized files now loaded: 0)
System memory in use before: 94.8 MB.
System memory in use after: 94.8 MB.

Unloading 25 unused Assets to reduce memory usage. Loaded Objects now: 2493.
Total: 2.463400 ms (FindLiveObjects: 0.382600 ms CreateObjectMapping: 0.117800 ms MarkObjects: 1.867900 ms  DeleteObjects: 0.093900 ms)

========================================================================
Received Import Request.
  path: Assets/Scenes/Scene.cs
  artifactKey: Guid(b70e77f414c0a724993388cc522710da) Importer(815301076,1909f56bfc062723c751e8b465ee728b)
Start importing Assets/Scenes/Scene.cs using Guid(b70e77f414c0a724993388cc522710da) Importer(815301076,1909f56bfc062723c751e8b465ee728b)  -> (artifact id: '68480b4a21eb95d837e8438f2e271ea8') in 0.034394 seconds
  Import took 0.037551 seconds .

========================================================================
Received Import Request.
  Time since last request: 256.142279 seconds.
  path: Assets/Scripts/Scane2Events.cs
  artifactKey: Guid(6700d5bba5cad51489f3baa08a61e51a) Importer(815301076,1909f56bfc062723c751e8b465ee728b)
Start importing Assets/Scripts/Scane2Events.cs using Guid(6700d5bba5cad51489f3baa08a61e51a) Importer(815301076,1909f56bfc062723c751e8b465ee728b)  -> (artifact id: '6a2cd67f5a8f2e91544943201ec62fcd') in 0.002498 seconds
  Import took 0.005378 seconds .

========================================================================
Received Prepare
Registering precompiled user dll's ...
Registered in 0.003207 seconds.
Begin MonoManager ReloadAssembly
Native extension for WindowsStandalone target not found
Refreshing native plugins compatible for Editor in 0.46 ms, found 1 plugins.
Preloading 0 native plugins for Editor in 0.00 ms.
Mono: successfully reloaded assembly
- Completed reload, in  0.603 seconds
Platform modules already initialized, skipping
Refreshing native plugins compatible for Editor in 0.50 ms, found 1 plugins.
Preloading 0 native plugins for Editor in 0.00 ms.
Unloading 2022 Unused Serialized files (Serialized files now loaded: 0)
System memory in use before: 93.2 MB.
System memory in use after: 93.2 MB.

Unloading 14 unused Assets to reduce memory usage. Loaded Objects now: 2497.
Total: 2.923300 ms (FindLiveObjects: 0.659300 ms CreateObjectMapping: 0.148000 ms MarkObjects: 2.029000 ms  DeleteObjects: 0.086300 ms)

========================================================================
Received Prepare
Registering precompiled user dll's ...
Registered in 0.001961 seconds.
Begin MonoManager ReloadAssembly
Native extension for WindowsStandalone target not found
Refreshing native plugins compatible for Editor in 0.47 ms, found 1 plugins.
Preloading 0 native plugins for Editor in 0.00 ms.
Mono: successfully reloaded assembly
- Completed reload, in  0.583 seconds
Platform modules already initialized, skipping
Refreshing native plugins compatible for Editor in 0.48 ms, found 1 plugins.
Preloading 0 native plugins for Editor in 0.00 ms.
Unloading 2022 Unused Serialized files (Serialized files now loaded: 0)
System memory in use before: 93.2 MB.
System memory in use after: 93.3 MB.

Unloading 14 unused Assets to reduce memory usage. Loaded Objects now: 2501.
Total: 2.018700 ms (FindLiveObjects: 0.201600 ms CreateObjectMapping: 0.078700 ms MarkObjects: 1.660600 ms  DeleteObjects: 0.076900 ms)

========================================================================
Received Import Request.
  Time since last request: 149.008324 seconds.
  path: Assets/Scripts/Scane2Events.cs
  artifactKey: Guid(6700d5bba5cad51489f3baa08a61e51a) Importer(815301076,1909f56bfc062723c751e8b465ee728b)
Start importing Assets/Scripts/Scane2Events.cs using Guid(6700d5bba5cad51489f3baa08a61e51a) Importer(815301076,1909f56bfc062723c751e8b465ee728b)  -> (artifact id: 'bea3e239f542a4c40f378b1e96eab184') in 0.004225 seconds
  Import took 0.006896 seconds .

========================================================================
Received Prepare
Registering precompiled user dll's ...
Registered in 0.002380 seconds.
Begin MonoManager ReloadAssembly
Native extension for WindowsStandalone target not found
Refreshing native plugins compatible for Editor in 0.45 ms, found 1 plugins.
Preloading 0 native plugins for Editor in 0.00 ms.
Mono: successfully reloaded assembly
- Completed reload, in  0.611 seconds
Platform modules already initialized, skipping
Refreshing native plugins compatible for Editor in 0.44 ms, found 1 plugins.
Preloading 0 native plugins for Editor in 0.00 ms.
Unloading 2022 Unused Serialized files (Serialized files now loaded: 0)
System memory in use before: 93.3 MB.
System memory in use after: 93.3 MB.

Unloading 14 unused Assets to reduce memory usage. Loaded Objects now: 2505.
Total: 2.455400 ms (FindLiveObjects: 0.339200 ms CreateObjectMapping: 0.167600 ms MarkObjects: 1.876300 ms  DeleteObjects: 0.071400 ms)

========================================================================
Received Import Request.
  Time since last request: 181.591633 seconds.
  path: Assets/Scripts/Scane2Events.cs
  artifactKey: Guid(6700d5bba5cad51489f3baa08a61e51a) Importer(815301076,1909f56bfc062723c751e8b465ee728b)
Start importing Assets/Scripts/Scane2Events.cs using Guid(6700d5bba5cad51489f3baa08a61e51a) Importer(815301076,1909f56bfc062723c751e8b465ee728b)  -> (artifact id: 'b34940663cdfbe6dfe9574c18f8628f5') in 0.004207 seconds
  Import took 0.006662 seconds .

========================================================================
Received Prepare
Registering precompiled user dll's ...
Registered in 0.001894 seconds.
Begin MonoManager ReloadAssembly
Native extension for WindowsStandalone target not found
Refreshing native plugins compatible for Editor in 0.46 ms, found 1 plugins.
Preloading 0 native plugins for Editor in 0.00 ms.
Mono: successfully reloaded assembly
- Completed reload, in  0.587 seconds
Platform modules already initialized, skipping
Refreshing native plugins compatible for Editor in 0.44 ms, found 1 plugins.
Preloading 0 native plugins for Editor in 0.00 ms.
Unloading 2022 Unused Serialized files (Serialized files now loaded: 0)
System memory in use before: 93.3 MB.
System memory in use after: 93.3 MB.

Unloading 14 unused Assets to reduce memory usage. Loaded Objects now: 2509.
Total: 1.928200 ms (FindLiveObjects: 0.193000 ms CreateObjectMapping: 0.066800 ms MarkObjects: 1.593800 ms  DeleteObjects: 0.073700 ms)

========================================================================
Received Import Request.
  Time since last request: 135.052041 seconds.
  path: Assets/Dukkan/Envanter.cs
  artifactKey: Guid(2510994743e07d54cabc82c40756f7fd) Importer(815301076,1909f56bfc062723c751e8b465ee728b)
Start importing Assets/Dukkan/Envanter.cs using Guid(2510994743e07d54cabc82c40756f7fd) Importer(815301076,1909f56bfc062723c751e8b465ee728b)  -> (artifact id: '39dee9c8b12bed177a0c5ca7acf57963') in 0.004950 seconds
  Import took 0.007495 seconds .

========================================================================
Received Import Request.
  Time since last request: 0.016420 seconds.
  path: Assets/Dukkan/Envanter.cs
  artifactKey: Guid(2510994743e07d54cabc82c40756f7fd) Importer(815301076,1909f56bfc062723c751e8b465ee728b)
Start importing Assets/Dukkan/Envanter.cs using Guid(2510994743e07d54cabc82c40756f7fd) Importer(815301076,1909f56bfc062723c751e8b465ee728b)  -> (artifact id: '39dee9c8b12bed177a0c5ca7acf57963') in 0.001778 seconds
  Import took 0.003903 seconds .

========================================================================
Received Prepare
Registering precompiled user dll's ...
Registered in 0.001801 seconds.
Begin MonoManager ReloadAssembly
Native extension for WindowsStandalone target not found
Refreshing native plugins compatible for Editor in 0.48 ms, found 1 plugins.
Preloading 0 native plugins for Editor in 0.00 ms.
Mono: successfully reloaded assembly
- Completed reload, in  0.649 seconds
Platform modules already initialized, skipping
Refreshing native plugins compatible for Editor in 0.50 ms, found 1 plugins.
Preloading 0 native plugins for Editor in 0.00 ms.
Unloading 2022 Unused Serialized files (Serialized files now loaded: 0)
System memory in use before: 93.3 MB.
System memory in use after: 93.3 MB.

Unloading 14 unused Assets to reduce memory usage. Loaded Objects now: 2513.
Total: 2.426700 ms (FindLiveObjects: 0.375100 ms CreateObjectMapping: 0.093200 ms MarkObjects: 1.868000 ms  DeleteObjects: 0.089500 ms)

========================================================================
Received Import Request.
  Time since last request: 376.927500 seconds.
  path: Assets/Dukkan/Envanter.cs
  artifactKey: Guid(2510994743e07d54cabc82c40756f7fd) Importer(815301076,1909f56bfc062723c751e8b465ee728b)
Start importing Assets/Dukkan/Envanter.cs using Guid(2510994743e07d54cabc82c40756f7fd) Importer(815301076,1909f56bfc062723c751e8b465ee728b)  -> (artifact id: '3499b4a51ff8ba3df3c6010028fd358d') in 0.005517 seconds
  Import took 0.008575 seconds .

========================================================================
Received Import Request.
  Time since last request: 0.018998 seconds.
  path: Assets/Dukkan/Envanter.cs
  artifactKey: Guid(2510994743e07d54cabc82c40756f7fd) Importer(815301076,1909f56bfc062723c751e8b465ee728b)
Start importing Assets/Dukkan/Envanter.cs using Guid(2510994743e07d54cabc82c40756f7fd) Importer(815301076,1909f56bfc062723c751e8b465ee728b)  -> (artifact id: '3499b4a51ff8ba3df3c6010028fd358d') in 0.002201 seconds
  Import took 0.005048 seconds .

========================================================================
Received Import Request.
  Time since last request: 117.742536 seconds.
  path: Assets/Dukkan/Dukkan.cs
  artifactKey: Guid(94367bf0952308d4c82de0bb65879f5d) Importer(815301076,1909f56bfc062723c751e8b465ee728b)
Start importing Assets/Dukkan/Dukkan.cs using Guid(94367bf0952308d4c82de0bb65879f5d) Importer(815301076,1909f56bfc062723c751e8b465ee728b)  -> (artifact id: '1d36474b202fcc3213eeca9577070674') in 0.002586 seconds
  Import took 0.005279 seconds .

========================================================================
Received Import Request.
  Time since last request: 0.000252 seconds.
  path: Assets/Dukkan/Dukkan.cs
  artifactKey: Guid(94367bf0952308d4c82de0bb65879f5d) Importer(815301076,1909f56bfc062723c751e8b465ee728b)
Start importing Assets/Dukkan/Dukkan.cs using Guid(94367bf0952308d4c82de0bb65879f5d) Importer(815301076,1909f56bfc062723c751e8b465ee728b)  -> (artifact id: '1d36474b202fcc3213eeca9577070674') in 0.001856 seconds
  Import took 0.004137 seconds .

========================================================================
Received Prepare
Registering precompiled user dll's ...
Registered in 0.001812 seconds.
Begin MonoManager ReloadAssembly
Native extension for WindowsStandalone target not found
Refreshing native plugins compatible for Editor in 0.46 ms, found 1 plugins.
Preloading 0 native plugins for Editor in 0.00 ms.
Mono: successfully reloaded assembly
- Completed reload, in  0.626 seconds
Platform modules already initialized, skipping
Refreshing native plugins compatible for Editor in 0.46 ms, found 1 plugins.
Preloading 0 native plugins for Editor in 0.00 ms.
Unloading 2022 Unused Serialized files (Serialized files now loaded: 0)
System memory in use before: 93.3 MB.
System memory in use after: 93.3 MB.

Unloading 14 unused Assets to reduce memory usage. Loaded Objects now: 2517.
Total: 2.108800 ms (FindLiveObjects: 0.247700 ms CreateObjectMapping: 0.073100 ms MarkObjects: 1.703400 ms  DeleteObjects: 0.084000 ms)

========================================================================
Received Prepare
Registering precompiled user dll's ...
Registered in 0.001782 seconds.
Begin MonoManager ReloadAssembly
Native extension for WindowsStandalone target not found
Refreshing native plugins compatible for Editor in 0.47 ms, found 1 plugins.
Preloading 0 native plugins for Editor in 0.00 ms.
Mono: successfully reloaded assembly
- Completed reload, in  0.582 seconds
Platform modules already initialized, skipping
Refreshing native plugins compatible for Editor in 0.43 ms, found 1 plugins.
Preloading 0 native plugins for Editor in 0.00 ms.
Unloading 2022 Unused Serialized files (Serialized files now loaded: 0)
System memory in use before: 93.3 MB.
System memory in use after: 93.3 MB.

Unloading 14 unused Assets to reduce memory usage. Loaded Objects now: 2521.
Total: 2.424900 ms (FindLiveObjects: 0.308200 ms CreateObjectMapping: 0.132200 ms MarkObjects: 1.902600 ms  DeleteObjects: 0.080800 ms)

========================================================================
Received Import Request.
  Time since last request: 1115.114123 seconds.
  path: Assets/Dukkan/Item.cs
  artifactKey: Guid(d700ee5c3f45c7c4f95a40290e09511c) Importer(815301076,1909f56bfc062723c751e8b465ee728b)
Start importing Assets/Dukkan/Item.cs using Guid(d700ee5c3f45c7c4f95a40290e09511c) Importer(815301076,1909f56bfc062723c751e8b465ee728b)  -> (artifact id: 'a2447d2032fecedd0c1f56515c18e531') in 0.005742 seconds
  Import took 0.008829 seconds .

========================================================================
Received Prepare
Registering precompiled user dll's ...
Registered in 0.001774 seconds.
Begin MonoManager ReloadAssembly
Native extension for WindowsStandalone target not found
Refreshing native plugins compatible for Editor in 0.47 ms, found 1 plugins.
Preloading 0 native plugins for Editor in 0.00 ms.
Mono: successfully reloaded assembly
- Completed reload, in  0.586 seconds
Platform modules already initialized, skipping
Refreshing native plugins compatible for Editor in 0.47 ms, found 1 plugins.
Preloading 0 native plugins for Editor in 0.00 ms.
Unloading 2022 Unused Serialized files (Serialized files now loaded: 0)
System memory in use before: 93.3 MB.
System memory in use after: 93.3 MB.

Unloading 14 unused Assets to reduce memory usage. Loaded Objects now: 2525.
Total: 1.936500 ms (FindLiveObjects: 0.194200 ms CreateObjectMapping: 0.068800 ms MarkObjects: 1.599800 ms  DeleteObjects: 0.072800 ms)

========================================================================
Received Import Request.
  Time since last request: 814.387129 seconds.
  path: Assets/Level/click holder level.prefab
  artifactKey: Guid(ceeb268ba65f29d4e988e01fa2fda655) Importer(815301076,1909f56bfc062723c751e8b465ee728b)
Start importing Assets/Level/click holder level.prefab using Guid(ceeb268ba65f29d4e988e01fa2fda655) Importer(815301076,1909f56bfc062723c751e8b465ee728b)  -> (artifact id: 'b85f58b74f01790ac2483948fac4fa6d') in 0.054605 seconds
  Import took 0.057825 seconds .

========================================================================
Received Import Request.
  Time since last request: 1.710028 seconds.
  path: Assets/Level/Level.cs
  artifactKey: Guid(7c811a0fe4e48b04eaf3ecac5305c130) Importer(815301076,1909f56bfc062723c751e8b465ee728b)
Start importing Assets/Level/Level.cs using Guid(7c811a0fe4e48b04eaf3ecac5305c130) Importer(815301076,1909f56bfc062723c751e8b465ee728b)  -> (artifact id: '35e20bafa43ba5a34eb695a612f756b6') in 0.002263 seconds
  Import took 0.005099 seconds .

========================================================================
Received Import Request.
  Time since last request: 0.018143 seconds.
  path: Assets/Level/Level.cs
  artifactKey: Guid(7c811a0fe4e48b04eaf3ecac5305c130) Importer(815301076,1909f56bfc062723c751e8b465ee728b)
Start importing Assets/Level/Level.cs using Guid(7c811a0fe4e48b04eaf3ecac5305c130) Importer(815301076,1909f56bfc062723c751e8b465ee728b)  -> (artifact id: '35e20bafa43ba5a34eb695a612f756b6') in 0.002367 seconds
  Import took 0.005095 seconds .

========================================================================
Received Prepare
Registering precompiled user dll's ...
Registered in 0.002537 seconds.
Begin MonoManager ReloadAssembly
Native extension for WindowsStandalone target not found
Refreshing native plugins compatible for Editor in 0.47 ms, found 1 plugins.
Preloading 0 native plugins for Editor in 0.00 ms.
Mono: successfully reloaded assembly
- Completed reload, in  0.587 seconds
Platform modules already initialized, skipping
Refreshing native plugins compatible for Editor in 0.44 ms, found 1 plugins.
Preloading 0 native plugins for Editor in 0.00 ms.
Unloading 2022 Unused Serialized files (Serialized files now loaded: 0)
System memory in use before: 93.4 MB.
System memory in use after: 93.4 MB.

Unloading 14 unused Assets to reduce memory usage. Loaded Objects now: 2529.
Total: 2.176300 ms (FindLiveObjects: 0.206300 ms CreateObjectMapping: 0.087900 ms MarkObjects: 1.798600 ms  DeleteObjects: 0.082700 ms)

========================================================================
Received Import Request.
  Time since last request: 87.503611 seconds.
  path: Assets/Level/Level.cs
  artifactKey: Guid(7c811a0fe4e48b04eaf3ecac5305c130) Importer(815301076,1909f56bfc062723c751e8b465ee728b)
Start importing Assets/Level/Level.cs using Guid(7c811a0fe4e48b04eaf3ecac5305c130) Importer(815301076,1909f56bfc062723c751e8b465ee728b)  -> (artifact id: 'efbb365df11268d36282720470f970c4') in 0.004226 seconds
  Import took 0.006605 seconds .

========================================================================
Received Prepare
Registering precompiled user dll's ...
Registered in 0.001833 seconds.
Begin MonoManager ReloadAssembly
Native extension for WindowsStandalone target not found
Refreshing native plugins compatible for Editor in 0.46 ms, found 1 plugins.
Preloading 0 native plugins for Editor in 0.00 ms.
Mono: successfully reloaded assembly
- Completed reload, in  0.598 seconds
Platform modules already initialized, skipping
Refreshing native plugins compatible for Editor in 0.48 ms, found 1 plugins.
Preloading 0 native plugins for Editor in 0.00 ms.
Unloading 2022 Unused Serialized files (Serialized files now loaded: 0)
System memory in use before: 93.4 MB.
System memory in use after: 93.4 MB.

Unloading 14 unused Assets to reduce memory usage. Loaded Objects now: 2533.
Total: 2.125800 ms (FindLiveObjects: 0.193700 ms CreateObjectMapping: 0.094100 ms MarkObjects: 1.764600 ms  DeleteObjects: 0.072400 ms)

========================================================================
Received Import Request.
  Time since last request: 131.881267 seconds.
  path: Assets/Level/Level.cs
  artifactKey: Guid(7c811a0fe4e48b04eaf3ecac5305c130) Importer(815301076,1909f56bfc062723c751e8b465ee728b)
Start importing Assets/Level/Level.cs using Guid(7c811a0fe4e48b04eaf3ecac5305c130) Importer(815301076,1909f56bfc062723c751e8b465ee728b)  -> (artifact id: 'b331cdba4a99be0c918f69e3ed6e95df') in 0.004611 seconds
  Import took 0.007370 seconds .

========================================================================
Received Import Request.
  Time since last request: 0.016115 seconds.
  path: Assets/Level/Level.cs
  artifactKey: Guid(7c811a0fe4e48b04eaf3ecac5305c130) Importer(815301076,1909f56bfc062723c751e8b465ee728b)
Start importing Assets/Level/Level.cs using Guid(7c811a0fe4e48b04eaf3ecac5305c130) Importer(815301076,1909f56bfc062723c751e8b465ee728b)  -> (artifact id: 'b331cdba4a99be0c918f69e3ed6e95df') in 0.002026 seconds
  Import took 0.004493 seconds .

========================================================================
Received Prepare
Registering precompiled user dll's ...
Registered in 0.002120 seconds.
Begin MonoManager ReloadAssembly
Native extension for WindowsStandalone target not found
Refreshing native plugins compatible for Editor in 0.51 ms, found 1 plugins.
Preloading 0 native plugins for Editor in 0.00 ms.
Mono: successfully reloaded assembly
- Completed reload, in  0.583 seconds
Platform modules already initialized, skipping
Refreshing native plugins compatible for Editor in 0.45 ms, found 1 plugins.
Preloading 0 native plugins for Editor in 0.00 ms.
Unloading 2022 Unused Serialized files (Serialized files now loaded: 0)
System memory in use before: 93.4 MB.
System memory in use after: 93.4 MB.

Unloading 14 unused Assets to reduce memory usage. Loaded Objects now: 2537.
Total: 2.005000 ms (FindLiveObjects: 0.209700 ms CreateObjectMapping: 0.087100 ms MarkObjects: 1.636300 ms  DeleteObjects: 0.071200 ms)

========================================================================
Received Prepare
Registering precompiled user dll's ...
Registered in 0.002239 seconds.
Begin MonoManager ReloadAssembly
Native extension for WindowsStandalone target not found
Refreshing native plugins compatible for Editor in 0.46 ms, found 1 plugins.
Preloading 0 native plugins for Editor in 0.00 ms.
Mono: successfully reloaded assembly
- Completed reload, in  0.586 seconds
Platform modules already initialized, skipping
Refreshing native plugins compatible for Editor in 0.44 ms, found 1 plugins.
Preloading 0 native plugins for Editor in 0.00 ms.
Unloading 2022 Unused Serialized files (Serialized files now loaded: 0)
System memory in use before: 93.4 MB.
System memory in use after: 93.4 MB.

Unloading 14 unused Assets to reduce memory usage. Loaded Objects now: 2541.
Total: 2.315400 ms (FindLiveObjects: 0.316600 ms CreateObjectMapping: 0.142100 ms MarkObjects: 1.785700 ms  DeleteObjects: 0.070200 ms)

========================================================================
Received Import Request.
  Time since last request: 448.660570 seconds.
  path: Assets/Level/Level.cs
  artifactKey: Guid(7c811a0fe4e48b04eaf3ecac5305c130) Importer(815301076,1909f56bfc062723c751e8b465ee728b)
Start importing Assets/Level/Level.cs using Guid(7c811a0fe4e48b04eaf3ecac5305c130) Importer(815301076,1909f56bfc062723c751e8b465ee728b)  -> (artifact id: '0c021978d1294a5ee7d142c721c05350') in 0.004429 seconds
  Import took 0.006982 seconds .

========================================================================
Received Prepare
Registering precompiled user dll's ...
Registered in 0.001831 seconds.
Begin MonoManager ReloadAssembly
Native extension for WindowsStandalone target not found
Refreshing native plugins compatible for Editor in 0.46 ms, found 1 plugins.
Preloading 0 native plugins for Editor in 0.00 ms.
Mono: successfully reloaded assembly
- Completed reload, in  0.610 seconds
Platform modules already initialized, skipping
Refreshing native plugins compatible for Editor in 0.45 ms, found 1 plugins.
Preloading 0 native plugins for Editor in 0.00 ms.
Unloading 2022 Unused Serialized files (Serialized files now loaded: 0)
System memory in use before: 93.4 MB.
System memory in use after: 93.4 MB.

Unloading 14 unused Assets to reduce memory usage. Loaded Objects now: 2545.
Total: 1.960800 ms (FindLiveObjects: 0.293400 ms CreateObjectMapping: 0.073900 ms MarkObjects: 1.519000 ms  DeleteObjects: 0.073800 ms)

========================================================================
Received Import Request.
  Time since last request: 2232.205213 seconds.
  path: Assets/Level/Level.cs
  artifactKey: Guid(7c811a0fe4e48b04eaf3ecac5305c130) Importer(815301076,1909f56bfc062723c751e8b465ee728b)
Start importing Assets/Level/Level.cs using Guid(7c811a0fe4e48b04eaf3ecac5305c130) Importer(815301076,1909f56bfc062723c751e8b465ee728b)  -> (artifact id: '08b78c4d128c22afae46c6d400dc01fd') in 0.004217 seconds
  Import took 0.006854 seconds .

========================================================================
Received Import Request.
  Time since last request: 0.000157 seconds.
  path: Assets/Level/Level.prefab
  artifactKey: Guid(1a5057ccd3749fb4d82e7b8ac8f49b6b) Importer(815301076,1909f56bfc062723c751e8b465ee728b)
Start importing Assets/Level/Level.prefab using Guid(1a5057ccd3749fb4d82e7b8ac8f49b6b) Importer(815301076,1909f56bfc062723c751e8b465ee728b)  -> (artifact id: 'e51369af06fe29dcf24e2602fb9ecbd7') in 0.046969 seconds
  Import took 0.049895 seconds .

========================================================================
Received Prepare
Registering precompiled user dll's ...
Registered in 0.003386 seconds.
Begin MonoManager ReloadAssembly
Native extension for WindowsStandalone target not found
Refreshing native plugins compatible for Editor in 0.50 ms, found 1 plugins.
Preloading 0 native plugins for Editor in 0.00 ms.
Mono: successfully reloaded assembly
- Completed reload, in  0.608 seconds
Platform modules already initialized, skipping
Refreshing native plugins compatible for Editor in 0.50 ms, found 1 plugins.
Preloading 0 native plugins for Editor in 0.00 ms.
Unloading 2022 Unused Serialized files (Serialized files now loaded: 0)
System memory in use before: 93.4 MB.
System memory in use after: 93.4 MB.

Unloading 14 unused Assets to reduce memory usage. Loaded Objects now: 2549.
Total: 1.959700 ms (FindLiveObjects: 0.203400 ms CreateObjectMapping: 0.072300 ms MarkObjects: 1.608400 ms  DeleteObjects: 0.074900 ms)

========================================================================
Received Prepare
Registering precompiled user dll's ...
Registered in 0.001998 seconds.
Begin MonoManager ReloadAssembly
Native extension for WindowsStandalone target not found
Refreshing native plugins compatible for Editor in 0.46 ms, found 1 plugins.
Preloading 0 native plugins for Editor in 0.00 ms.
Mono: successfully reloaded assembly
- Completed reload, in  0.592 seconds
Platform modules already initialized, skipping
Refreshing native plugins compatible for Editor in 0.46 ms, found 1 plugins.
Preloading 0 native plugins for Editor in 0.00 ms.
Unloading 2022 Unused Serialized files (Serialized files now loaded: 0)
System memory in use before: 93.4 MB.
System memory in use after: 93.5 MB.

Unloading 14 unused Assets to reduce memory usage. Loaded Objects now: 2553.
Total: 2.073100 ms (FindLiveObjects: 0.245200 ms CreateObjectMapping: 0.093800 ms MarkObjects: 1.660100 ms  DeleteObjects: 0.073200 ms)

========================================================================
Received Import Request.
  Time since last request: 322.439765 seconds.
  path: Assets/Hero Knight - Pixel Art/Demo/HeroKnight.cs
  artifactKey: Guid(0f5034bc83802944c9bca57c55e08978) Importer(815301076,1909f56bfc062723c751e8b465ee728b)
Start importing Assets/Hero Knight - Pixel Art/Demo/HeroKnight.cs using Guid(0f5034bc83802944c9bca57c55e08978) Importer(815301076,1909f56bfc062723c751e8b465ee728b)  -> (artifact id: '6d701e0819c113d13c6a493a18e15d1e') in 0.004780 seconds
  Import took 0.007467 seconds .

========================================================================
Received Import Request.
  Time since last request: 0.016696 seconds.
  path: Assets/Hero Knight - Pixel Art/Demo/HeroKnight.cs
  artifactKey: Guid(0f5034bc83802944c9bca57c55e08978) Importer(815301076,1909f56bfc062723c751e8b465ee728b)
Start importing Assets/Hero Knight - Pixel Art/Demo/HeroKnight.cs using Guid(0f5034bc83802944c9bca57c55e08978) Importer(815301076,1909f56bfc062723c751e8b465ee728b)  -> (artifact id: '6d701e0819c113d13c6a493a18e15d1e') in 0.002320 seconds
  Import took 0.004988 seconds .

========================================================================
Received Prepare
Registering precompiled user dll's ...
Registered in 0.001932 seconds.
Begin MonoManager ReloadAssembly
Native extension for WindowsStandalone target not found
Refreshing native plugins compatible for Editor in 0.45 ms, found 1 plugins.
Preloading 0 native plugins for Editor in 0.00 ms.
Mono: successfully reloaded assembly
- Completed reload, in  0.597 seconds
Platform modules already initialized, skipping
Refreshing native plugins compatible for Editor in 0.46 ms, found 1 plugins.
Preloading 0 native plugins for Editor in 0.00 ms.
Unloading 2022 Unused Serialized files (Serialized files now loaded: 0)
System memory in use before: 93.4 MB.
System memory in use after: 93.5 MB.

Unloading 14 unused Assets to reduce memory usage. Loaded Objects now: 2557.
Total: 2.127900 ms (FindLiveObjects: 0.202600 ms CreateObjectMapping: 0.069500 ms MarkObjects: 1.772900 ms  DeleteObjects: 0.082000 ms)

========================================================================
Received Prepare
Registering precompiled user dll's ...
Registered in 0.001818 seconds.
Begin MonoManager ReloadAssembly
Native extension for WindowsStandalone target not found
Refreshing native plugins compatible for Editor in 0.46 ms, found 1 plugins.
Preloading 0 native plugins for Editor in 0.00 ms.
Mono: successfully reloaded assembly
- Completed reload, in  0.579 seconds
Platform modules already initialized, skipping
Refreshing native plugins compatible for Editor in 0.47 ms, found 1 plugins.
Preloading 0 native plugins for Editor in 0.00 ms.
Unloading 2022 Unused Serialized files (Serialized files now loaded: 0)
System memory in use before: 93.5 MB.
System memory in use after: 93.5 MB.

Unloading 14 unused Assets to reduce memory usage. Loaded Objects now: 2561.
Total: 2.346700 ms (FindLiveObjects: 0.306700 ms CreateObjectMapping: 0.148700 ms MarkObjects: 1.807700 ms  DeleteObjects: 0.082600 ms)

========================================================================
Received Import Request.
  Time since last request: 354.161269 seconds.
  path: Assets/Label/Label.cs
  artifactKey: Guid(e125367f046fc0444a6fe89aee162af1) Importer(815301076,1909f56bfc062723c751e8b465ee728b)
Start importing Assets/Label/Label.cs using Guid(e125367f046fc0444a6fe89aee162af1) Importer(815301076,1909f56bfc062723c751e8b465ee728b)  -> (artifact id: '210d30e44a7c62c53a195cdb271624fc') in 0.014304 seconds
  Import took 0.017080 seconds .

========================================================================
Received Import Request.
  Time since last request: 0.006916 seconds.
  path: Assets/Label/Label.cs
  artifactKey: Guid(e125367f046fc0444a6fe89aee162af1) Importer(815301076,1909f56bfc062723c751e8b465ee728b)
Start importing Assets/Label/Label.cs using Guid(e125367f046fc0444a6fe89aee162af1) Importer(815301076,1909f56bfc062723c751e8b465ee728b)  -> (artifact id: '210d30e44a7c62c53a195cdb271624fc') in 0.001999 seconds
  Import took 0.004478 seconds .

========================================================================
Received Prepare
Registering precompiled user dll's ...
Registered in 0.001857 seconds.
Begin MonoManager ReloadAssembly
Native extension for WindowsStandalone target not found
Refreshing native plugins compatible for Editor in 0.48 ms, found 1 plugins.
Preloading 0 native plugins for Editor in 0.00 ms.
Mono: successfully reloaded assembly
- Completed reload, in  0.607 seconds
Platform modules already initialized, skipping
Refreshing native plugins compatible for Editor in 0.49 ms, found 1 plugins.
Preloading 0 native plugins for Editor in 0.00 ms.
Unloading 2022 Unused Serialized files (Serialized files now loaded: 0)
System memory in use before: 93.5 MB.
System memory in use after: 93.5 MB.

Unloading 14 unused Assets to reduce memory usage. Loaded Objects now: 2565.
Total: 2.259800 ms (FindLiveObjects: 0.230100 ms CreateObjectMapping: 0.105200 ms MarkObjects: 1.832100 ms  DeleteObjects: 0.091500 ms)

========================================================================
Received Prepare
Registering precompiled user dll's ...
Registered in 0.001717 seconds.
Begin MonoManager ReloadAssembly
Native extension for WindowsStandalone target not found
Refreshing native plugins compatible for Editor in 0.45 ms, found 1 plugins.
Preloading 0 native plugins for Editor in 0.00 ms.
Mono: successfully reloaded assembly
- Completed reload, in  0.637 seconds
Platform modules already initialized, skipping
Refreshing native plugins compatible for Editor in 0.46 ms, found 1 plugins.
Preloading 0 native plugins for Editor in 0.00 ms.
Unloading 2022 Unused Serialized files (Serialized files now loaded: 0)
System memory in use before: 93.5 MB.
System memory in use after: 93.5 MB.

Unloading 14 unused Assets to reduce memory usage. Loaded Objects now: 2569.
Total: 2.314100 ms (FindLiveObjects: 0.295600 ms CreateObjectMapping: 0.100200 ms MarkObjects: 1.831900 ms  DeleteObjects: 0.085400 ms)

========================================================================
Received Prepare
Registering precompiled user dll's ...
Registered in 0.001794 seconds.
Begin MonoManager ReloadAssembly
Native extension for WindowsStandalone target not found
Refreshing native plugins compatible for Editor in 0.56 ms, found 1 plugins.
Preloading 0 native plugins for Editor in 0.00 ms.
Mono: successfully reloaded assembly
- Completed reload, in  0.730 seconds
Platform modules already initialized, skipping
Refreshing native plugins compatible for Editor in 0.46 ms, found 1 plugins.
Preloading 0 native plugins for Editor in 0.00 ms.
Unloading 2022 Unused Serialized files (Serialized files now loaded: 0)
System memory in use before: 93.5 MB.
System memory in use after: 93.5 MB.

Unloading 14 unused Assets to reduce memory usage. Loaded Objects now: 2573.
Total: 2.364400 ms (FindLiveObjects: 0.288300 ms CreateObjectMapping: 0.083200 ms MarkObjects: 1.901000 ms  DeleteObjects: 0.091000 ms)

========================================================================
Received Import Request.
  Time since last request: 278.519348 seconds.
  path: Assets/Dukkan/Slot.cs
  artifactKey: Guid(1fa702234693f1d44bdf21f117c9ad63) Importer(815301076,1909f56bfc062723c751e8b465ee728b)
Start importing Assets/Dukkan/Slot.cs using Guid(1fa702234693f1d44bdf21f117c9ad63) Importer(815301076,1909f56bfc062723c751e8b465ee728b)  -> (artifact id: '00e396bdf810b24eed9178aab22ac772') in 0.004906 seconds
  Import took 0.007765 seconds .

========================================================================
Received Import Request.
  Time since last request: 0.147487 seconds.
  path: Assets/Dukkan/Slot.cs
  artifactKey: Guid(1fa702234693f1d44bdf21f117c9ad63) Importer(815301076,1909f56bfc062723c751e8b465ee728b)
Start importing Assets/Dukkan/Slot.cs using Guid(1fa702234693f1d44bdf21f117c9ad63) Importer(815301076,1909f56bfc062723c751e8b465ee728b)  -> (artifact id: '00e396bdf810b24eed9178aab22ac772') in 0.002120 seconds
  Import took 0.004924 seconds .

========================================================================
Received Prepare
Registering precompiled user dll's ...
Registered in 0.002025 seconds.
Begin MonoManager ReloadAssembly
Native extension for WindowsStandalone target not found
Refreshing native plugins compatible for Editor in 0.65 ms, found 1 plugins.
Preloading 0 native plugins for Editor in 0.00 ms.
Mono: successfully reloaded assembly
- Completed reload, in  0.664 seconds
Platform modules already initialized, skipping
Refreshing native plugins compatible for Editor in 0.45 ms, found 1 plugins.
Preloading 0 native plugins for Editor in 0.00 ms.
Unloading 2022 Unused Serialized files (Serialized files now loaded: 0)
System memory in use before: 93.5 MB.
System memory in use after: 93.5 MB.

Unloading 14 unused Assets to reduce memory usage. Loaded Objects now: 2577.
Total: 2.139100 ms (FindLiveObjects: 0.227300 ms CreateObjectMapping: 0.094700 ms MarkObjects: 1.730500 ms  DeleteObjects: 0.085600 ms)

========================================================================
Received Import Request.
  Time since last request: 98.260232 seconds.
  path: Assets/Dukkan/Slot.cs
  artifactKey: Guid(1fa702234693f1d44bdf21f117c9ad63) Importer(815301076,1909f56bfc062723c751e8b465ee728b)
Start importing Assets/Dukkan/Slot.cs using Guid(1fa702234693f1d44bdf21f117c9ad63) Importer(815301076,1909f56bfc062723c751e8b465ee728b)  -> (artifact id: 'ff622b51b2bdad263dfb30610fc857f2') in 0.004341 seconds
  Import took 0.006707 seconds .

========================================================================
Received Prepare
Registering precompiled user dll's ...
Registered in 0.001806 seconds.
Begin MonoManager ReloadAssembly
Native extension for WindowsStandalone target not found
Refreshing native plugins compatible for Editor in 0.46 ms, found 1 plugins.
Preloading 0 native plugins for Editor in 0.00 ms.
Mono: successfully reloaded assembly
- Completed reload, in  0.622 seconds
Platform modules already initialized, skipping
Refreshing native plugins compatible for Editor in 0.45 ms, found 1 plugins.
Preloading 0 native plugins for Editor in 0.00 ms.
Unloading 2022 Unused Serialized files (Serialized files now loaded: 0)
System memory in use before: 93.5 MB.
System memory in use after: 93.5 MB.

Unloading 14 unused Assets to reduce memory usage. Loaded Objects now: 2581.
Total: 2.068700 ms (FindLiveObjects: 0.286900 ms CreateObjectMapping: 0.081600 ms MarkObjects: 1.617800 ms  DeleteObjects: 0.081400 ms)

========================================================================
Received Prepare
Registering precompiled user dll's ...
Registered in 0.002137 seconds.
Begin MonoManager ReloadAssembly
Native extension for WindowsStandalone target not found
Refreshing native plugins compatible for Editor in 0.57 ms, found 1 plugins.
Preloading 0 native plugins for Editor in 0.00 ms.
Mono: successfully reloaded assembly
- Completed reload, in  0.739 seconds
Platform modules already initialized, skipping
Refreshing native plugins compatible for Editor in 0.61 ms, found 1 plugins.
Preloading 0 native plugins for Editor in 0.00 ms.
Unloading 2022 Unused Serialized files (Serialized files now loaded: 0)
System memory in use before: 93.5 MB.
System memory in use after: 93.5 MB.

Unloading 14 unused Assets to reduce memory usage. Loaded Objects now: 2585.
Total: 2.457300 ms (FindLiveObjects: 0.393400 ms CreateObjectMapping: 0.094300 ms MarkObjects: 1.862500 ms  DeleteObjects: 0.106100 ms)

========================================================================
Received Prepare
Registering precompiled user dll's ...
Registered in 0.001988 seconds.
Begin MonoManager ReloadAssembly
Native extension for WindowsStandalone target not found
Refreshing native plugins compatible for Editor in 0.53 ms, found 1 plugins.
Preloading 0 native plugins for Editor in 0.00 ms.
Mono: successfully reloaded assembly
- Completed reload, in  0.625 seconds
Platform modules already initialized, skipping
Refreshing native plugins compatible for Editor in 0.45 ms, found 1 plugins.
Preloading 0 native plugins for Editor in 0.00 ms.
Unloading 2022 Unused Serialized files (Serialized files now loaded: 0)
System memory in use before: 93.5 MB.
System memory in use after: 93.5 MB.

Unloading 14 unused Assets to reduce memory usage. Loaded Objects now: 2589.
Total: 2.152000 ms (FindLiveObjects: 0.294200 ms CreateObjectMapping: 0.089600 ms MarkObjects: 1.686000 ms  DeleteObjects: 0.081200 ms)

========================================================================
Received Prepare
Registering precompiled user dll's ...
Registered in 0.001981 seconds.
Begin MonoManager ReloadAssembly
Native extension for WindowsStandalone target not found
Refreshing native plugins compatible for Editor in 0.46 ms, found 1 plugins.
Preloading 0 native plugins for Editor in 0.00 ms.
Mono: successfully reloaded assembly
- Completed reload, in  0.580 seconds
Platform modules already initialized, skipping
Refreshing native plugins compatible for Editor in 0.54 ms, found 1 plugins.
Preloading 0 native plugins for Editor in 0.00 ms.
Unloading 2022 Unused Serialized files (Serialized files now loaded: 0)
System memory in use before: 93.5 MB.
System memory in use after: 93.6 MB.

Unloading 14 unused Assets to reduce memory usage. Loaded Objects now: 2593.
Total: 1.875900 ms (FindLiveObjects: 0.181500 ms CreateObjectMapping: 0.059500 ms MarkObjects: 1.555000 ms  DeleteObjects: 0.079000 ms)

========================================================================
Received Import Request.
  Time since last request: 990.022374 seconds.
  path: Assets/Scenes/Level1.unity
  artifactKey: Guid(f6edb14306d707446a5e3dc335ff4aab) Importer(815301076,1909f56bfc062723c751e8b465ee728b)
Start importing Assets/Scenes/Level1.unity using Guid(f6edb14306d707446a5e3dc335ff4aab) Importer(815301076,1909f56bfc062723c751e8b465ee728b)  -> (artifact id: '8712593595444b6a26b76f4979bf248f') in 0.010055 seconds
  Import took 0.013077 seconds .

========================================================================
Received Import Request.
  Time since last request: 21.806976 seconds.
  path: Assets/KillCounter/Kills.prefab
  artifactKey: Guid(5342c1fbeddafe24e8700abe440f65f7) Importer(815301076,1909f56bfc062723c751e8b465ee728b)
Start importing Assets/KillCounter/Kills.prefab using Guid(5342c1fbeddafe24e8700abe440f65f7) Importer(815301076,1909f56bfc062723c751e8b465ee728b)  -> (artifact id: '717b81c9c1b6e1e19bb81a5c39e17751') in 0.037022 seconds
  Import took 0.039813 seconds .

========================================================================
Received Import Request.
  Time since last request: 58.330646 seconds.
  path: Assets/KillCounter/Kills.prefab
  artifactKey: Guid(5342c1fbeddafe24e8700abe440f65f7) Importer(815301076,1909f56bfc062723c751e8b465ee728b)
Start importing Assets/KillCounter/Kills.prefab using Guid(5342c1fbeddafe24e8700abe440f65f7) Importer(815301076,1909f56bfc062723c751e8b465ee728b)  -> (artifact id: 'a2bc3aead2713fe6e68b4f701e05adf1') in 0.008203 seconds
  Import took 0.011024 seconds .

========================================================================
Received Import Request.
  Time since last request: 1.578699 seconds.
  path: Assets/KillCounter/Kills.prefab
  artifactKey: Guid(5342c1fbeddafe24e8700abe440f65f7) Importer(815301076,1909f56bfc062723c751e8b465ee728b)
Start importing Assets/KillCounter/Kills.prefab using Guid(5342c1fbeddafe24e8700abe440f65f7) Importer(815301076,1909f56bfc062723c751e8b465ee728b)  -> (artifact id: 'e901c8a2aa33065db33ae1893a2cbe1e') in 0.009773 seconds
  Import took 0.012556 seconds .

========================================================================
Received Import Request.
  Time since last request: 2.462089 seconds.
  path: Assets/KillCounter/Kills.prefab
  artifactKey: Guid(5342c1fbeddafe24e8700abe440f65f7) Importer(815301076,1909f56bfc062723c751e8b465ee728b)
Start importing Assets/KillCounter/Kills.prefab using Guid(5342c1fbeddafe24e8700abe440f65f7) Importer(815301076,1909f56bfc062723c751e8b465ee728b)  -> (artifact id: '0556d12d14c93ceeca2c201961dc4678') in 0.010231 seconds
  Import took 0.013322 seconds .

========================================================================
Received Import Request.
  Time since last request: 9.950906 seconds.
  path: Assets/Scenes/MainPage.unity
  artifactKey: Guid(3c64b4cf0c48c794c80727888fa5cdde) Importer(815301076,1909f56bfc062723c751e8b465ee728b)
Start importing Assets/Scenes/MainPage.unity using Guid(3c64b4cf0c48c794c80727888fa5cdde) Importer(815301076,1909f56bfc062723c751e8b465ee728b)  -> (artifact id: '3cfaad0504339e1546c772962de23dd6') in 0.002476 seconds
  Import took 0.005182 seconds .

========================================================================
Received Prepare
Registering precompiled user dll's ...
Registered in 0.001739 seconds.
Begin MonoManager ReloadAssembly
Native extension for WindowsStandalone target not found
Refreshing native plugins compatible for Editor in 0.48 ms, found 1 plugins.
Preloading 0 native plugins for Editor in 0.00 ms.
Mono: successfully reloaded assembly
- Completed reload, in  0.623 seconds
Platform modules already initialized, skipping
Refreshing native plugins compatible for Editor in 0.45 ms, found 1 plugins.
Preloading 0 native plugins for Editor in 0.00 ms.
Unloading 2022 Unused Serialized files (Serialized files now loaded: 0)
System memory in use before: 93.6 MB.
System memory in use after: 93.6 MB.

Unloading 14 unused Assets to reduce memory usage. Loaded Objects now: 2597.
Total: 1.989600 ms (FindLiveObjects: 0.216600 ms CreateObjectMapping: 0.109700 ms MarkObjects: 1.581200 ms  DeleteObjects: 0.081500 ms)

========================================================================
Received Prepare
Registering precompiled user dll's ...
Registered in 0.001745 seconds.
Begin MonoManager ReloadAssembly
Native extension for WindowsStandalone target not found
Refreshing native plugins compatible for Editor in 0.46 ms, found 1 plugins.
Preloading 0 native plugins for Editor in 0.00 ms.
Mono: successfully reloaded assembly
- Completed reload, in  0.584 seconds
Platform modules already initialized, skipping
Refreshing native plugins compatible for Editor in 0.52 ms, found 1 plugins.
Preloading 0 native plugins for Editor in 0.00 ms.
Unloading 2022 Unused Serialized files (Serialized files now loaded: 0)
System memory in use before: 93.6 MB.
System memory in use after: 93.6 MB.

Unloading 14 unused Assets to reduce memory usage. Loaded Objects now: 2601.
Total: 1.913500 ms (FindLiveObjects: 0.198700 ms CreateObjectMapping: 0.046400 ms MarkObjects: 1.591600 ms  DeleteObjects: 0.076000 ms)

========================================================================
Received Import Request.
  Time since last request: 358.272279 seconds.
  path: Assets/Scripts/UIEvents.cs
  artifactKey: Guid(8a0de4c56727cd14a9d34966c0c56d6d) Importer(815301076,1909f56bfc062723c751e8b465ee728b)
Start importing Assets/Scripts/UIEvents.cs using Guid(8a0de4c56727cd14a9d34966c0c56d6d) Importer(815301076,1909f56bfc062723c751e8b465ee728b)  -> (artifact id: '6e6e1398cb511b74436a98347f9edfac') in 0.005247 seconds
  Import took 0.008099 seconds .

========================================================================
Received Import Request.
  Time since last request: 0.016066 seconds.
  path: Assets/Scripts/UIEvents.cs
  artifactKey: Guid(8a0de4c56727cd14a9d34966c0c56d6d) Importer(815301076,1909f56bfc062723c751e8b465ee728b)
Start importing Assets/Scripts/UIEvents.cs using Guid(8a0de4c56727cd14a9d34966c0c56d6d) Importer(815301076,1909f56bfc062723c751e8b465ee728b)  -> (artifact id: '6e6e1398cb511b74436a98347f9edfac') in 0.002318 seconds
  Import took 0.004994 seconds .

========================================================================
Received Prepare
Registering precompiled user dll's ...
Registered in 0.001786 seconds.
Begin MonoManager ReloadAssembly
Native extension for WindowsStandalone target not found
Refreshing native plugins compatible for Editor in 0.49 ms, found 1 plugins.
Preloading 0 native plugins for Editor in 0.00 ms.
Mono: successfully reloaded assembly
- Completed reload, in  0.607 seconds
Platform modules already initialized, skipping
Refreshing native plugins compatible for Editor in 0.46 ms, found 1 plugins.
Preloading 0 native plugins for Editor in 0.00 ms.
Unloading 2022 Unused Serialized files (Serialized files now loaded: 0)
System memory in use before: 93.6 MB.
System memory in use after: 93.6 MB.

Unloading 14 unused Assets to reduce memory usage. Loaded Objects now: 2605.
Total: 2.254100 ms (FindLiveObjects: 0.230000 ms CreateObjectMapping: 0.092600 ms MarkObjects: 1.831600 ms  DeleteObjects: 0.098700 ms)

========================================================================
Received Prepare
Registering precompiled user dll's ...
Registered in 0.001762 seconds.
Begin MonoManager ReloadAssembly
Native extension for WindowsStandalone target not found
Refreshing native plugins compatible for Editor in 0.46 ms, found 1 plugins.
Preloading 0 native plugins for Editor in 0.00 ms.
Mono: successfully reloaded assembly
- Completed reload, in  0.595 seconds
Platform modules already initialized, skipping
Refreshing native plugins compatible for Editor in 0.44 ms, found 1 plugins.
Preloading 0 native plugins for Editor in 0.00 ms.
Unloading 2022 Unused Serialized files (Serialized files now loaded: 0)
System memory in use before: 93.6 MB.
System memory in use after: 93.6 MB.

Unloading 14 unused Assets to reduce memory usage. Loaded Objects now: 2609.
Total: 1.976200 ms (FindLiveObjects: 0.222900 ms CreateObjectMapping: 0.077100 ms MarkObjects: 1.607200 ms  DeleteObjects: 0.068200 ms)

========================================================================
Received Prepare
Registering precompiled user dll's ...
Registered in 0.001668 seconds.
Begin MonoManager ReloadAssembly
Native extension for WindowsStandalone target not found
Refreshing native plugins compatible for Editor in 0.49 ms, found 1 plugins.
Preloading 0 native plugins for Editor in 0.00 ms.
Mono: successfully reloaded assembly
- Completed reload, in  0.580 seconds
Platform modules already initialized, skipping
Refreshing native plugins compatible for Editor in 0.49 ms, found 1 plugins.
Preloading 0 native plugins for Editor in 0.00 ms.
Unloading 2022 Unused Serialized files (Serialized files now loaded: 0)
System memory in use before: 93.6 MB.
System memory in use after: 93.6 MB.

Unloading 14 unused Assets to reduce memory usage. Loaded Objects now: 2613.
Total: 2.272500 ms (FindLiveObjects: 0.261600 ms CreateObjectMapping: 0.102600 ms MarkObjects: 1.816500 ms  DeleteObjects: 0.090900 ms)

========================================================================
Received Prepare
Registering precompiled user dll's ...
Registered in 0.002305 seconds.
Begin MonoManager ReloadAssembly
Native extension for WindowsStandalone target not found
Refreshing native plugins compatible for Editor in 0.45 ms, found 1 plugins.
Preloading 0 native plugins for Editor in 0.00 ms.
Mono: successfully reloaded assembly
- Completed reload, in  0.583 seconds
Platform modules already initialized, skipping
Refreshing native plugins compatible for Editor in 0.46 ms, found 1 plugins.
Preloading 0 native plugins for Editor in 0.00 ms.
Unloading 2022 Unused Serialized files (Serialized files now loaded: 0)
System memory in use before: 93.6 MB.
System memory in use after: 93.6 MB.

Unloading 14 unused Assets to reduce memory usage. Loaded Objects now: 2617.
Total: 2.157100 ms (FindLiveObjects: 0.362400 ms CreateObjectMapping: 0.101100 ms MarkObjects: 1.612800 ms  DeleteObjects: 0.079600 ms)

========================================================================
Received Prepare
Registering precompiled user dll's ...
Registered in 0.001760 seconds.
Begin MonoManager ReloadAssembly
Native extension for WindowsStandalone target not found
Refreshing native plugins compatible for Editor in 0.51 ms, found 1 plugins.
Preloading 0 native plugins for Editor in 0.00 ms.
Mono: successfully reloaded assembly
- Completed reload, in  0.603 seconds
Platform modules already initialized, skipping
Refreshing native plugins compatible for Editor in 0.45 ms, found 1 plugins.
Preloading 0 native plugins for Editor in 0.00 ms.
Unloading 2022 Unused Serialized files (Serialized files now loaded: 0)
System memory in use before: 93.6 MB.
System memory in use after: 93.6 MB.

Unloading 14 unused Assets to reduce memory usage. Loaded Objects now: 2621.
Total: 2.001200 ms (FindLiveObjects: 0.209100 ms CreateObjectMapping: 0.073400 ms MarkObjects: 1.620600 ms  DeleteObjects: 0.097400 ms)

========================================================================
Received Prepare
Registering precompiled user dll's ...
Registered in 0.001763 seconds.
Begin MonoManager ReloadAssembly
Native extension for WindowsStandalone target not found
Refreshing native plugins compatible for Editor in 0.68 ms, found 1 plugins.
Preloading 0 native plugins for Editor in 0.00 ms.
Mono: successfully reloaded assembly
- Completed reload, in  0.617 seconds
Platform modules already initialized, skipping
Refreshing native plugins compatible for Editor in 0.74 ms, found 1 plugins.
Preloading 0 native plugins for Editor in 0.00 ms.
Unloading 2022 Unused Serialized files (Serialized files now loaded: 0)
System memory in use before: 93.6 MB.
System memory in use after: 93.6 MB.

Unloading 14 unused Assets to reduce memory usage. Loaded Objects now: 2625.
Total: 2.448900 ms (FindLiveObjects: 0.322000 ms CreateObjectMapping: 0.115700 ms MarkObjects: 1.924300 ms  DeleteObjects: 0.085700 ms)

========================================================================
Received Prepare
Registering precompiled user dll's ...
Registered in 0.001895 seconds.
Begin MonoManager ReloadAssembly
Native extension for WindowsStandalone target not found
Refreshing native plugins compatible for Editor in 0.46 ms, found 1 plugins.
Preloading 0 native plugins for Editor in 0.00 ms.
Mono: successfully reloaded assembly
- Completed reload, in  0.582 seconds
Platform modules already initialized, skipping
Refreshing native plugins compatible for Editor in 0.92 ms, found 1 plugins.
Preloading 0 native plugins for Editor in 0.00 ms.
Unloading 2022 Unused Serialized files (Serialized files now loaded: 0)
System memory in use before: 93.6 MB.
System memory in use after: 93.6 MB.

Unloading 14 unused Assets to reduce memory usage. Loaded Objects now: 2629.
Total: 1.791400 ms (FindLiveObjects: 0.211700 ms CreateObjectMapping: 0.083800 ms MarkObjects: 1.427400 ms  DeleteObjects: 0.067800 ms)

========================================================================
Received Prepare
Registering precompiled user dll's ...
Registered in 0.001904 seconds.
Begin MonoManager ReloadAssembly
Native extension for WindowsStandalone target not found
Refreshing native plugins compatible for Editor in 0.45 ms, found 1 plugins.
Preloading 0 native plugins for Editor in 0.00 ms.
Mono: successfully reloaded assembly
- Completed reload, in  0.583 seconds
Platform modules already initialized, skipping
Refreshing native plugins compatible for Editor in 0.51 ms, found 1 plugins.
Preloading 0 native plugins for Editor in 0.00 ms.
Unloading 2022 Unused Serialized files (Serialized files now loaded: 0)
System memory in use before: 93.6 MB.
System memory in use after: 93.7 MB.

Unloading 14 unused Assets to reduce memory usage. Loaded Objects now: 2633.
Total: 1.886900 ms (FindLiveObjects: 0.199700 ms CreateObjectMapping: 0.068600 ms MarkObjects: 1.548400 ms  DeleteObjects: 0.069300 ms)

========================================================================
Received Prepare
Registering precompiled user dll's ...
Registered in 0.001811 seconds.
Begin MonoManager ReloadAssembly
Native extension for WindowsStandalone target not found
Refreshing native plugins compatible for Editor in 0.48 ms, found 1 plugins.
Preloading 0 native plugins for Editor in 0.00 ms.
Mono: successfully reloaded assembly
- Completed reload, in  0.633 seconds
Platform modules already initialized, skipping
Refreshing native plugins compatible for Editor in 0.49 ms, found 1 plugins.
Preloading 0 native plugins for Editor in 0.00 ms.
Unloading 2022 Unused Serialized files (Serialized files now loaded: 0)
System memory in use before: 93.6 MB.
System memory in use after: 93.7 MB.

Unloading 14 unused Assets to reduce memory usage. Loaded Objects now: 2637.
Total: 2.226100 ms (FindLiveObjects: 0.302400 ms CreateObjectMapping: 0.065500 ms MarkObjects: 1.773600 ms  DeleteObjects: 0.083700 ms)

========================================================================
Received Prepare
Registering precompiled user dll's ...
Registered in 0.001876 seconds.
Begin MonoManager ReloadAssembly
Native extension for WindowsStandalone target not found
Refreshing native plugins compatible for Editor in 0.48 ms, found 1 plugins.
Preloading 0 native plugins for Editor in 0.00 ms.
Mono: successfully reloaded assembly
- Completed reload, in  0.586 seconds
Platform modules already initialized, skipping
Refreshing native plugins compatible for Editor in 0.52 ms, found 1 plugins.
Preloading 0 native plugins for Editor in 0.00 ms.
Unloading 2022 Unused Serialized files (Serialized files now loaded: 0)
System memory in use before: 93.6 MB.
System memory in use after: 93.7 MB.

Unloading 14 unused Assets to reduce memory usage. Loaded Objects now: 2641.
Total: 1.864000 ms (FindLiveObjects: 0.194900 ms CreateObjectMapping: 0.067400 ms MarkObjects: 1.531400 ms  DeleteObjects: 0.069600 ms)

========================================================================
Received Prepare
Registering precompiled user dll's ...
Registered in 0.001758 seconds.
Begin MonoManager ReloadAssembly
Native extension for WindowsStandalone target not found
Refreshing native plugins compatible for Editor in 0.45 ms, found 1 plugins.
Preloading 0 native plugins for Editor in 0.00 ms.
Mono: successfully reloaded assembly
- Completed reload, in  0.595 seconds
Platform modules already initialized, skipping
Refreshing native plugins compatible for Editor in 0.44 ms, found 1 plugins.
Preloading 0 native plugins for Editor in 0.00 ms.
Unloading 2022 Unused Serialized files (Serialized files now loaded: 0)
System memory in use before: 93.7 MB.
System memory in use after: 93.7 MB.

Unloading 14 unused Assets to reduce memory usage. Loaded Objects now: 2645.
Total: 1.774300 ms (FindLiveObjects: 0.209300 ms CreateObjectMapping: 0.070700 ms MarkObjects: 1.419800 ms  DeleteObjects: 0.073700 ms)

========================================================================
Received Prepare
Registering precompiled user dll's ...
Registered in 0.001905 seconds.
Begin MonoManager ReloadAssembly
Native extension for WindowsStandalone target not found
Refreshing native plugins compatible for Editor in 0.49 ms, found 1 plugins.
Preloading 0 native plugins for Editor in 0.00 ms.
Mono: successfully reloaded assembly
- Completed reload, in  0.581 seconds
Platform modules already initialized, skipping
Refreshing native plugins compatible for Editor in 0.68 ms, found 1 plugins.
Preloading 0 native plugins for Editor in 0.00 ms.
Unloading 2022 Unused Serialized files (Serialized files now loaded: 0)
System memory in use before: 93.7 MB.
System memory in use after: 93.7 MB.

Unloading 14 unused Assets to reduce memory usage. Loaded Objects now: 2649.
Total: 2.024100 ms (FindLiveObjects: 0.207200 ms CreateObjectMapping: 0.073900 ms MarkObjects: 1.670500 ms  DeleteObjects: 0.071600 ms)

========================================================================
Received Prepare
Registering precompiled user dll's ...
Registered in 0.001873 seconds.
Begin MonoManager ReloadAssembly
Native extension for WindowsStandalone target not found
Refreshing native plugins compatible for Editor in 0.45 ms, found 1 plugins.
Preloading 0 native plugins for Editor in 0.00 ms.
Mono: successfully reloaded assembly
- Completed reload, in  0.585 seconds
Platform modules already initialized, skipping
Refreshing native plugins compatible for Editor in 0.47 ms, found 1 plugins.
Preloading 0 native plugins for Editor in 0.00 ms.
Unloading 2022 Unused Serialized files (Serialized files now loaded: 0)
System memory in use before: 93.7 MB.
System memory in use after: 93.7 MB.

Unloading 14 unused Assets to reduce memory usage. Loaded Objects now: 2653.
Total: 1.940100 ms (FindLiveObjects: 0.204100 ms CreateObjectMapping: 0.081100 ms MarkObjects: 1.579600 ms  DeleteObjects: 0.074400 ms)

========================================================================
Received Prepare
Registering precompiled user dll's ...
Registered in 0.002143 seconds.
Begin MonoManager ReloadAssembly
Native extension for WindowsStandalone target not found
Refreshing native plugins compatible for Editor in 0.40 ms, found 1 plugins.
Preloading 0 native plugins for Editor in 0.00 ms.
Mono: successfully reloaded assembly
- Completed reload, in  0.618 seconds
Platform modules already initialized, skipping
Refreshing native plugins compatible for Editor in 0.53 ms, found 1 plugins.
Preloading 0 native plugins for Editor in 0.00 ms.
Unloading 2022 Unused Serialized files (Serialized files now loaded: 0)
System memory in use before: 93.7 MB.
System memory in use after: 93.7 MB.

Unloading 14 unused Assets to reduce memory usage. Loaded Objects now: 2657.
Total: 2.231900 ms (FindLiveObjects: 0.326500 ms CreateObjectMapping: 0.077200 ms MarkObjects: 1.744900 ms  DeleteObjects: 0.082100 ms)

========================================================================
Received Prepare
Registering precompiled user dll's ...
Registered in 0.001721 seconds.
Begin MonoManager ReloadAssembly
Native extension for WindowsStandalone target not found
Refreshing native plugins compatible for Editor in 0.45 ms, found 1 plugins.
Preloading 0 native plugins for Editor in 0.00 ms.
Mono: successfully reloaded assembly
- Completed reload, in  0.574 seconds
Platform modules already initialized, skipping
Refreshing native plugins compatible for Editor in 0.83 ms, found 1 plugins.
Preloading 0 native plugins for Editor in 0.00 ms.
Unloading 2022 Unused Serialized files (Serialized files now loaded: 0)
System memory in use before: 93.7 MB.
System memory in use after: 93.7 MB.

Unloading 14 unused Assets to reduce memory usage. Loaded Objects now: 2661.
Total: 2.193200 ms (FindLiveObjects: 0.213200 ms CreateObjectMapping: 0.068800 ms MarkObjects: 1.831000 ms  DeleteObjects: 0.079500 ms)

========================================================================
Received Prepare
Registering precompiled user dll's ...
Registered in 0.001914 seconds.
Begin MonoManager ReloadAssembly
Native extension for WindowsStandalone target not found
Refreshing native plugins compatible for Editor in 0.46 ms, found 1 plugins.
Preloading 0 native plugins for Editor in 0.00 ms.
Mono: successfully reloaded assembly
- Completed reload, in  0.621 seconds
Platform modules already initialized, skipping
Refreshing native plugins compatible for Editor in 0.43 ms, found 1 plugins.
Preloading 0 native plugins for Editor in 0.00 ms.
Unloading 2022 Unused Serialized files (Serialized files now loaded: 0)
System memory in use before: 93.7 MB.
System memory in use after: 93.7 MB.

Unloading 14 unused Assets to reduce memory usage. Loaded Objects now: 2665.
Total: 1.939900 ms (FindLiveObjects: 0.204000 ms CreateObjectMapping: 0.074100 ms MarkObjects: 1.585600 ms  DeleteObjects: 0.075500 ms)

========================================================================
Received Prepare
Registering precompiled user dll's ...
Registered in 0.001895 seconds.
Begin MonoManager ReloadAssembly
Native extension for WindowsStandalone target not found
Refreshing native plugins compatible for Editor in 0.47 ms, found 1 plugins.
Preloading 0 native plugins for Editor in 0.00 ms.
Mono: successfully reloaded assembly
- Completed reload, in  0.606 seconds
Platform modules already initialized, skipping
Refreshing native plugins compatible for Editor in 0.46 ms, found 1 plugins.
Preloading 0 native plugins for Editor in 0.00 ms.
Unloading 2022 Unused Serialized files (Serialized files now loaded: 0)
System memory in use before: 93.7 MB.
System memory in use after: 93.7 MB.

Unloading 14 unused Assets to reduce memory usage. Loaded Objects now: 2669.
Total: 1.748100 ms (FindLiveObjects: 0.190000 ms CreateObjectMapping: 0.043000 ms MarkObjects: 1.442100 ms  DeleteObjects: 0.072400 ms)

========================================================================
Received Prepare
Registering precompiled user dll's ...
Registered in 0.001837 seconds.
Begin MonoManager ReloadAssembly
Native extension for WindowsStandalone target not found
Refreshing native plugins compatible for Editor in 0.56 ms, found 1 plugins.
Preloading 0 native plugins for Editor in 0.00 ms.
Mono: successfully reloaded assembly
- Completed reload, in  0.590 seconds
Platform modules already initialized, skipping
Refreshing native plugins compatible for Editor in 0.44 ms, found 1 plugins.
Preloading 0 native plugins for Editor in 0.00 ms.
Unloading 2022 Unused Serialized files (Serialized files now loaded: 0)
System memory in use before: 93.7 MB.
System memory in use after: 93.7 MB.

Unloading 14 unused Assets to reduce memory usage. Loaded Objects now: 2673.
Total: 1.980300 ms (FindLiveObjects: 0.235100 ms CreateObjectMapping: 0.085600 ms MarkObjects: 1.583300 ms  DeleteObjects: 0.075300 ms)

========================================================================
Received Prepare
Registering precompiled user dll's ...
Registered in 0.001704 seconds.
Begin MonoManager ReloadAssembly
Native extension for WindowsStandalone target not found
Refreshing native plugins compatible for Editor in 0.48 ms, found 1 plugins.
Preloading 0 native plugins for Editor in 0.00 ms.
Mono: successfully reloaded assembly
- Completed reload, in  0.623 seconds
Platform modules already initialized, skipping
Refreshing native plugins compatible for Editor in 0.48 ms, found 1 plugins.
Preloading 0 native plugins for Editor in 0.00 ms.
Unloading 2022 Unused Serialized files (Serialized files now loaded: 0)
System memory in use before: 93.7 MB.
System memory in use after: 93.8 MB.

Unloading 14 unused Assets to reduce memory usage. Loaded Objects now: 2677.
Total: 2.063100 ms (FindLiveObjects: 0.255800 ms CreateObjectMapping: 0.087800 ms MarkObjects: 1.639900 ms  DeleteObjects: 0.078800 ms)

========================================================================
Received Prepare
Registering precompiled user dll's ...
Registered in 0.001927 seconds.
Begin MonoManager ReloadAssembly
Native extension for WindowsStandalone target not found
Refreshing native plugins compatible for Editor in 0.46 ms, found 1 plugins.
Preloading 0 native plugins for Editor in 0.00 ms.
Mono: successfully reloaded assembly
- Completed reload, in  0.634 seconds
Platform modules already initialized, skipping
Refreshing native plugins compatible for Editor in 0.48 ms, found 1 plugins.
Preloading 0 native plugins for Editor in 0.00 ms.
Unloading 2022 Unused Serialized files (Serialized files now loaded: 0)
System memory in use before: 93.7 MB.
System memory in use after: 93.8 MB.

Unloading 14 unused Assets to reduce memory usage. Loaded Objects now: 2681.
Total: 2.076100 ms (FindLiveObjects: 0.230900 ms CreateObjectMapping: 0.068900 ms MarkObjects: 1.699600 ms  DeleteObjects: 0.075900 ms)

========================================================================
Received Prepare
Registering precompiled user dll's ...
Registered in 0.002006 seconds.
Begin MonoManager ReloadAssembly
Native extension for WindowsStandalone target not found
Refreshing native plugins compatible for Editor in 0.48 ms, found 1 plugins.
Preloading 0 native plugins for Editor in 0.00 ms.
Mono: successfully reloaded assembly
- Completed reload, in  0.682 seconds
Platform modules already initialized, skipping
Refreshing native plugins compatible for Editor in 0.48 ms, found 1 plugins.
Preloading 0 native plugins for Editor in 0.00 ms.
Unloading 2022 Unused Serialized files (Serialized files now loaded: 0)
System memory in use before: 93.7 MB.
System memory in use after: 93.8 MB.

Unloading 14 unused Assets to reduce memory usage. Loaded Objects now: 2685.
Total: 2.605100 ms (FindLiveObjects: 0.343600 ms CreateObjectMapping: 0.130900 ms MarkObjects: 2.009900 ms  DeleteObjects: 0.119800 ms)

========================================================================
Received Import Request.
  Time since last request: 2627.061333 seconds.
  path: Assets/Scenes/MainPage.unity
  artifactKey: Guid(3c64b4cf0c48c794c80727888fa5cdde) Importer(815301076,1909f56bfc062723c751e8b465ee728b)
Start importing Assets/Scenes/MainPage.unity using Guid(3c64b4cf0c48c794c80727888fa5cdde) Importer(815301076,1909f56bfc062723c751e8b465ee728b)  -> (artifact id: '9868e80edb2a9e236c02f34bc97f9ca2') in 0.010215 seconds
  Import took 0.012974 seconds .

========================================================================
Received Prepare
Registering precompiled user dll's ...
Registered in 0.002210 seconds.
Begin MonoManager ReloadAssembly
Native extension for WindowsStandalone target not found
Refreshing native plugins compatible for Editor in 0.55 ms, found 1 plugins.
Preloading 0 native plugins for Editor in 0.00 ms.
Mono: successfully reloaded assembly
- Completed reload, in  0.598 seconds
Platform modules already initialized, skipping
Refreshing native plugins compatible for Editor in 0.46 ms, found 1 plugins.
Preloading 0 native plugins for Editor in 0.00 ms.
Unloading 2022 Unused Serialized files (Serialized files now loaded: 0)
System memory in use before: 93.8 MB.
System memory in use after: 93.8 MB.

Unloading 14 unused Assets to reduce memory usage. Loaded Objects now: 2689.
Total: 2.541000 ms (FindLiveObjects: 0.442900 ms CreateObjectMapping: 0.192500 ms MarkObjects: 1.815000 ms  DeleteObjects: 0.089400 ms)

========================================================================
Received Prepare
Registering precompiled user dll's ...
Registered in 0.001795 seconds.
Begin MonoManager ReloadAssembly
Native extension for WindowsStandalone target not found
Refreshing native plugins compatible for Editor in 0.45 ms, found 1 plugins.
Preloading 0 native plugins for Editor in 0.00 ms.
Mono: successfully reloaded assembly
- Completed reload, in  0.618 seconds
Platform modules already initialized, skipping
Refreshing native plugins compatible for Editor in 0.47 ms, found 1 plugins.
Preloading 0 native plugins for Editor in 0.00 ms.
Unloading 2022 Unused Serialized files (Serialized files now loaded: 0)
System memory in use before: 93.8 MB.
System memory in use after: 93.8 MB.

Unloading 14 unused Assets to reduce memory usage. Loaded Objects now: 2693.
Total: 2.204300 ms (FindLiveObjects: 0.217500 ms CreateObjectMapping: 0.083700 ms MarkObjects: 1.816600 ms  DeleteObjects: 0.085600 ms)

========================================================================
Received Prepare
Registering precompiled user dll's ...
Registered in 0.001648 seconds.
Begin MonoManager ReloadAssembly
Native extension for WindowsStandalone target not found
Refreshing native plugins compatible for Editor in 0.46 ms, found 1 plugins.
Preloading 0 native plugins for Editor in 0.00 ms.
Mono: successfully reloaded assembly
- Completed reload, in  0.577 seconds
Platform modules already initialized, skipping
Refreshing native plugins compatible for Editor in 0.48 ms, found 1 plugins.
Preloading 0 native plugins for Editor in 0.00 ms.
Unloading 2022 Unused Serialized files (Serialized files now loaded: 0)
System memory in use before: 93.8 MB.
System memory in use after: 93.8 MB.

Unloading 14 unused Assets to reduce memory usage. Loaded Objects now: 2697.
Total: 1.934300 ms (FindLiveObjects: 0.209100 ms CreateObjectMapping: 0.071700 ms MarkObjects: 1.580300 ms  DeleteObjects: 0.072400 ms)

========================================================================
Received Prepare
Registering precompiled user dll's ...
Registered in 0.001958 seconds.
Begin MonoManager ReloadAssembly
Native extension for WindowsStandalone target not found
Refreshing native plugins compatible for Editor in 0.47 ms, found 1 plugins.
Preloading 0 native plugins for Editor in 0.00 ms.
Mono: successfully reloaded assembly
- Completed reload, in  0.630 seconds
Platform modules already initialized, skipping
Refreshing native plugins compatible for Editor in 0.50 ms, found 1 plugins.
Preloading 0 native plugins for Editor in 0.00 ms.
Unloading 2022 Unused Serialized files (Serialized files now loaded: 0)
System memory in use before: 93.8 MB.
System memory in use after: 93.8 MB.

Unloading 14 unused Assets to reduce memory usage. Loaded Objects now: 2701.
Total: 2.422800 ms (FindLiveObjects: 0.279700 ms CreateObjectMapping: 0.113400 ms MarkObjects: 1.918600 ms  DeleteObjects: 0.110000 ms)

========================================================================
Received Prepare
Registering precompiled user dll's ...
Registered in 0.001977 seconds.
Begin MonoManager ReloadAssembly
Native extension for WindowsStandalone target not found
Refreshing native plugins compatible for Editor in 0.47 ms, found 1 plugins.
Preloading 0 native plugins for Editor in 0.00 ms.
Mono: successfully reloaded assembly
- Completed reload, in  0.678 seconds
Platform modules already initialized, skipping
Refreshing native plugins compatible for Editor in 0.55 ms, found 1 plugins.
Preloading 0 native plugins for Editor in 0.00 ms.
Unloading 2022 Unused Serialized files (Serialized files now loaded: 0)
System memory in use before: 93.9 MB.
System memory in use after: 93.9 MB.

Unloading 14 unused Assets to reduce memory usage. Loaded Objects now: 2705.
Total: 2.330300 ms (FindLiveObjects: 0.384400 ms CreateObjectMapping: 0.057300 ms MarkObjects: 1.800000 ms  DeleteObjects: 0.087500 ms)

========================================================================
Received Prepare
Registering precompiled user dll's ...
Registered in 0.001826 seconds.
Begin MonoManager ReloadAssembly
Native extension for WindowsStandalone target not found
Refreshing native plugins compatible for Editor in 0.48 ms, found 1 plugins.
Preloading 0 native plugins for Editor in 0.00 ms.
Mono: successfully reloaded assembly
- Completed reload, in  0.637 seconds
Platform modules already initialized, skipping
Refreshing native plugins compatible for Editor in 0.46 ms, found 1 plugins.
Preloading 0 native plugins for Editor in 0.00 ms.
Unloading 2022 Unused Serialized files (Serialized files now loaded: 0)
System memory in use before: 93.9 MB.
System memory in use after: 93.9 MB.

Unloading 14 unused Assets to reduce memory usage. Loaded Objects now: 2709.
Total: 2.716200 ms (FindLiveObjects: 0.365400 ms CreateObjectMapping: 0.157300 ms MarkObjects: 2.088500 ms  DeleteObjects: 0.104400 ms)

========================================================================
Received Prepare
Registering precompiled user dll's ...
Registered in 0.002230 seconds.
Begin MonoManager ReloadAssembly
Native extension for WindowsStandalone target not found
Refreshing native plugins compatible for Editor in 0.48 ms, found 1 plugins.
Preloading 0 native plugins for Editor in 0.00 ms.
Mono: successfully reloaded assembly
- Completed reload, in  0.611 seconds
Platform modules already initialized, skipping
Refreshing native plugins compatible for Editor in 0.46 ms, found 1 plugins.
Preloading 0 native plugins for Editor in 0.00 ms.
Unloading 2022 Unused Serialized files (Serialized files now loaded: 0)
System memory in use before: 93.9 MB.
System memory in use after: 93.9 MB.

Unloading 14 unused Assets to reduce memory usage. Loaded Objects now: 2713.
Total: 2.274700 ms (FindLiveObjects: 0.301700 ms CreateObjectMapping: 0.124200 ms MarkObjects: 1.763300 ms  DeleteObjects: 0.084700 ms)

========================================================================
Received Prepare
Registering precompiled user dll's ...
Registered in 0.002305 seconds.
Begin MonoManager ReloadAssembly
Native extension for WindowsStandalone target not found
Refreshing native plugins compatible for Editor in 0.45 ms, found 1 plugins.
Preloading 0 native plugins for Editor in 0.00 ms.
Mono: successfully reloaded assembly
- Completed reload, in  0.600 seconds
Platform modules already initialized, skipping
Refreshing native plugins compatible for Editor in 0.48 ms, found 1 plugins.
Preloading 0 native plugins for Editor in 0.00 ms.
Unloading 2022 Unused Serialized files (Serialized files now loaded: 0)
System memory in use before: 93.9 MB.
System memory in use after: 93.9 MB.

Unloading 14 unused Assets to reduce memory usage. Loaded Objects now: 2717.
Total: 2.070300 ms (FindLiveObjects: 0.248400 ms CreateObjectMapping: 0.090500 ms MarkObjects: 1.657600 ms  DeleteObjects: 0.073000 ms)

========================================================================
Received Prepare
Registering precompiled user dll's ...
Registered in 0.002108 seconds.
Begin MonoManager ReloadAssembly
Native extension for WindowsStandalone target not found
Refreshing native plugins compatible for Editor in 0.47 ms, found 1 plugins.
Preloading 0 native plugins for Editor in 0.00 ms.
Mono: successfully reloaded assembly
- Completed reload, in  0.637 seconds
Platform modules already initialized, skipping
Refreshing native plugins compatible for Editor in 0.48 ms, found 1 plugins.
Preloading 0 native plugins for Editor in 0.00 ms.
Unloading 2022 Unused Serialized files (Serialized files now loaded: 0)
System memory in use before: 93.9 MB.
System memory in use after: 94.0 MB.

Unloading 14 unused Assets to reduce memory usage. Loaded Objects now: 2721.
Total: 2.239600 ms (FindLiveObjects: 0.240700 ms CreateObjectMapping: 0.088100 ms MarkObjects: 1.822000 ms  DeleteObjects: 0.088000 ms)

AssetImportWorkerClient::OnTransportError - code=2 error=End of file
