Using pre-set license
Built from '2020.3/staging' branch; Version is '2020.3.5f1 (8095aa901b9b) revision 8426922'; Using compiler version '192528614'; Build Type 'Release'
OS: 'Windows 10 Pro; OS build 22621.963; Version 2009; 64bit' Language: 'tr' Physical Memory: 32683 MB
BatchMode: 1, IsHumanControllingUs: 0, StartBugReporterOnCrash: 0, Is64bit: 1, IsPro: 0

 COMMAND LINE ARGUMENTS:
C:\Program Files\Unity\Hub\Editor\2020.3.5f1\Editor\Unity.exe
-adb2
-batchMode
-noUpm
-name
AssetImportWorker1
-projectPath
C:/Users/Huseyin/Desktop/SENATUS/MAXIMUS_REVENGE/MAXIMUS_REVENGE
-logFile
Logs/AssetImportWorker1.log
-srvPort
51953
Successfully changed project path to: C:/Users/Huseyin/Desktop/SENATUS/MAXIMUS_REVENGE/MAXIMUS_REVENGE
C:/Users/Huseyin/Desktop/SENATUS/MAXIMUS_REVENGE/MAXIMUS_REVENGE
Using Asset Import Pipeline V2.
Refreshing native plugins compatible for Editor in 38.47 ms, found 1 plugins.
Preloading 0 native plugins for Editor in 0.00 ms.
Initialize engine version: 2020.3.5f1 (8095aa901b9b)
[Subsystems] Discovering subsystems at path C:/Program Files/Unity/Hub/Editor/2020.3.5f1/Editor/Data/Resources/UnitySubsystems
[Subsystems] Discovering subsystems at path C:/Users/Huseyin/Desktop/SENATUS/MAXIMUS_REVENGE/MAXIMUS_REVENGE/Assets
GfxDevice: creating device client; threaded=0
Direct3D:
    Version:  Direct3D 11.0 [level 11.1]
    Renderer: NVIDIA GeForce RTX 3070 (ID=0x2484)
    Vendor:   
    VRAM:     8032 MB
    Driver:   31.0.15.2756
Initialize mono
Mono path[0] = 'C:/Program Files/Unity/Hub/Editor/2020.3.5f1/Editor/Data/Managed'
Mono path[1] = 'C:/Program Files/Unity/Hub/Editor/2020.3.5f1/Editor/Data/MonoBleedingEdge/lib/mono/unityjit'
Mono config path = 'C:/Program Files/Unity/Hub/Editor/2020.3.5f1/Editor/Data/MonoBleedingEdge/etc'
Using monoOptions --debugger-agent=transport=dt_socket,embedding=1,server=y,suspend=n,address=127.0.0.1:56180
Begin MonoManager ReloadAssembly
Registering precompiled unity dll's ...
Register platform support module: C:/Program Files/Unity/Hub/Editor/2020.3.5f1/Editor/Data/PlaybackEngines/WindowsStandaloneSupport/UnityEditor.WindowsStandalone.Extensions.dll
Registered in 0.001952 seconds.
Native extension for WindowsStandalone target not found
Refreshing native plugins compatible for Editor in 36.10 ms, found 1 plugins.
Preloading 0 native plugins for Editor in 0.00 ms.
Mono: successfully reloaded assembly
- Completed reload, in  2.387 seconds
Platform modules already initialized, skipping
Registering precompiled user dll's ...
Registered in 0.002218 seconds.
Begin MonoManager ReloadAssembly
Native extension for WindowsStandalone target not found
Refreshing native plugins compatible for Editor in 35.32 ms, found 1 plugins.
Preloading 0 native plugins for Editor in 0.00 ms.
Mono: successfully reloaded assembly
- Completed reload, in  0.680 seconds
Platform modules already initialized, skipping
========================================================================
Worker process is ready to serve import requests
Launched and connected shader compiler UnityShaderCompiler.exe after 0.05 seconds
Refreshing native plugins compatible for Editor in 0.45 ms, found 1 plugins.
Preloading 0 native plugins for Editor in 0.00 ms.
Unloading 2043 Unused Serialized files (Serialized files now loaded: 0)
System memory in use before: 94.9 MB.
System memory in use after: 94.9 MB.

Unloading 25 unused Assets to reduce memory usage. Loaded Objects now: 2492.
Total: 2.577100 ms (FindLiveObjects: 0.596900 ms CreateObjectMapping: 0.116500 ms MarkObjects: 1.773200 ms  DeleteObjects: 0.089000 ms)

========================================================================
Received Import Request.
  path: Assets/Resources/Dukkan/item.prefab
  artifactKey: Guid(1867da8e39e772f4a9a6d6870400fee2) Importer(815301076,1909f56bfc062723c751e8b465ee728b)
Start importing Assets/Resources/Dukkan/item.prefab using Guid(1867da8e39e772f4a9a6d6870400fee2) Importer(815301076,1909f56bfc062723c751e8b465ee728b)  -> (artifact id: '520ade1a79ed0698f73418e7d833cfcd') in 0.075807 seconds
  Import took 0.079237 seconds .

========================================================================
Received Import Request.
  Time since last request: 14.585419 seconds.
  path: Assets/Resources/Dukkan/item.prefab
  artifactKey: Guid(1867da8e39e772f4a9a6d6870400fee2) Importer(815301076,1909f56bfc062723c751e8b465ee728b)
Start importing Assets/Resources/Dukkan/item.prefab using Guid(1867da8e39e772f4a9a6d6870400fee2) Importer(815301076,1909f56bfc062723c751e8b465ee728b)  -> (artifact id: '00d3547485359286fc87b26c355ded64') in 0.011137 seconds
  Import took 0.014146 seconds .

========================================================================
Received Import Request.
  Time since last request: 65.062044 seconds.
  path: Assets/Resources/Dukkan/Item.cs
  artifactKey: Guid(d700ee5c3f45c7c4f95a40290e09511c) Importer(815301076,1909f56bfc062723c751e8b465ee728b)
Start importing Assets/Resources/Dukkan/Item.cs using Guid(d700ee5c3f45c7c4f95a40290e09511c) Importer(815301076,1909f56bfc062723c751e8b465ee728b)  -> (artifact id: 'd739ab6b244d72808c2d9bb08f6d00ee') in 0.007685 seconds
  Import took 0.011060 seconds .

========================================================================
Received Import Request.
  Time since last request: 48.460245 seconds.
  path: Assets/Resources/Dukkan/Item.cs
  artifactKey: Guid(d700ee5c3f45c7c4f95a40290e09511c) Importer(815301076,1909f56bfc062723c751e8b465ee728b)
Start importing Assets/Resources/Dukkan/Item.cs using Guid(d700ee5c3f45c7c4f95a40290e09511c) Importer(815301076,1909f56bfc062723c751e8b465ee728b)  -> (artifact id: '7a4967e75f9db122630e80c6a56ac9cb') in 0.001790 seconds
  Import took 0.004369 seconds .

========================================================================
Received Import Request.
  Time since last request: 0.001108 seconds.
  path: Assets/Resources/Dukkan/Item.cs
  artifactKey: Guid(d700ee5c3f45c7c4f95a40290e09511c) Importer(815301076,1909f56bfc062723c751e8b465ee728b)
Start importing Assets/Resources/Dukkan/Item.cs using Guid(d700ee5c3f45c7c4f95a40290e09511c) Importer(815301076,1909f56bfc062723c751e8b465ee728b)  -> (artifact id: '7a4967e75f9db122630e80c6a56ac9cb') in 0.001881 seconds
  Import took 0.004085 seconds .

========================================================================
Received Import Request.
  Time since last request: 10.569668 seconds.
  path: Assets/Resources/Dukkan/Item.cs
  artifactKey: Guid(d700ee5c3f45c7c4f95a40290e09511c) Importer(815301076,1909f56bfc062723c751e8b465ee728b)
Start importing Assets/Resources/Dukkan/Item.cs using Guid(d700ee5c3f45c7c4f95a40290e09511c) Importer(815301076,1909f56bfc062723c751e8b465ee728b)  -> (artifact id: 'f599a80c4eb819674e905d23f82599f1') in 0.002200 seconds
  Import took 0.005023 seconds .

========================================================================
Received Import Request.
  Time since last request: 5.556336 seconds.
  path: Assets/Resources/Dukkan/Item.cs
  artifactKey: Guid(d700ee5c3f45c7c4f95a40290e09511c) Importer(815301076,1909f56bfc062723c751e8b465ee728b)
Start importing Assets/Resources/Dukkan/Item.cs using Guid(d700ee5c3f45c7c4f95a40290e09511c) Importer(815301076,1909f56bfc062723c751e8b465ee728b)  -> (artifact id: 'ce26fc9d445dbf175cf6ac9a3511d9d2') in 0.002431 seconds
  Import took 0.005835 seconds .

========================================================================
Received Import Request.
  Time since last request: 13.508516 seconds.
  path: Assets/Resources/Dukkan/Item.cs
  artifactKey: Guid(d700ee5c3f45c7c4f95a40290e09511c) Importer(815301076,1909f56bfc062723c751e8b465ee728b)
Start importing Assets/Resources/Dukkan/Item.cs using Guid(d700ee5c3f45c7c4f95a40290e09511c) Importer(815301076,1909f56bfc062723c751e8b465ee728b)  -> (artifact id: '2072fb54a52c966698b0b1505323a566') in 0.002312 seconds
  Import took 0.005785 seconds .

========================================================================
Received Prepare
Registering precompiled user dll's ...
Registered in 0.002417 seconds.
Begin MonoManager ReloadAssembly
Native extension for WindowsStandalone target not found
Refreshing native plugins compatible for Editor in 0.47 ms, found 1 plugins.
Preloading 0 native plugins for Editor in 0.00 ms.
Mono: successfully reloaded assembly
- Completed reload, in  0.624 seconds
Platform modules already initialized, skipping
Refreshing native plugins compatible for Editor in 0.69 ms, found 1 plugins.
Preloading 0 native plugins for Editor in 0.00 ms.
Unloading 2021 Unused Serialized files (Serialized files now loaded: 0)
System memory in use before: 93.3 MB.
System memory in use after: 93.3 MB.

Unloading 14 unused Assets to reduce memory usage. Loaded Objects now: 2496.
Total: 1.723700 ms (FindLiveObjects: 0.167500 ms CreateObjectMapping: 0.060200 ms MarkObjects: 1.422300 ms  DeleteObjects: 0.072900 ms)

========================================================================
Received Prepare
Registering precompiled user dll's ...
Registered in 0.001870 seconds.
Begin MonoManager ReloadAssembly
Native extension for WindowsStandalone target not found
Refreshing native plugins compatible for Editor in 0.48 ms, found 1 plugins.
Preloading 0 native plugins for Editor in 0.00 ms.
Mono: successfully reloaded assembly
- Completed reload, in  0.615 seconds
Platform modules already initialized, skipping
Refreshing native plugins compatible for Editor in 0.46 ms, found 1 plugins.
Preloading 0 native plugins for Editor in 0.00 ms.
Unloading 2021 Unused Serialized files (Serialized files now loaded: 0)
System memory in use before: 93.3 MB.
System memory in use after: 93.4 MB.

Unloading 14 unused Assets to reduce memory usage. Loaded Objects now: 2500.
Total: 2.323900 ms (FindLiveObjects: 0.373100 ms CreateObjectMapping: 0.097000 ms MarkObjects: 1.778100 ms  DeleteObjects: 0.074800 ms)

========================================================================
Received Import Request.
  Time since last request: 44.707777 seconds.
  path: Assets/Resources/Dukkan/item.prefab
  artifactKey: Guid(1867da8e39e772f4a9a6d6870400fee2) Importer(815301076,1909f56bfc062723c751e8b465ee728b)
Start importing Assets/Resources/Dukkan/item.prefab using Guid(1867da8e39e772f4a9a6d6870400fee2) Importer(815301076,1909f56bfc062723c751e8b465ee728b)  -> (artifact id: '1a42d179ccd04207f99ce4edade82ce0') in 0.048217 seconds
  Import took 0.051275 seconds .

========================================================================
Received Prepare
Registering precompiled user dll's ...
Registered in 0.002215 seconds.
Begin MonoManager ReloadAssembly
Native extension for WindowsStandalone target not found
Refreshing native plugins compatible for Editor in 0.85 ms, found 1 plugins.
Preloading 0 native plugins for Editor in 0.00 ms.
Mono: successfully reloaded assembly
- Completed reload, in  1.444 seconds
Platform modules already initialized, skipping
Refreshing native plugins compatible for Editor in 0.58 ms, found 1 plugins.
Preloading 0 native plugins for Editor in 0.00 ms.
Unloading 2021 Unused Serialized files (Serialized files now loaded: 0)
System memory in use before: 93.4 MB.
System memory in use after: 93.4 MB.

Unloading 14 unused Assets to reduce memory usage. Loaded Objects now: 2504.
Total: 2.987100 ms (FindLiveObjects: 0.749700 ms CreateObjectMapping: 0.168900 ms MarkObjects: 1.976000 ms  DeleteObjects: 0.090200 ms)

========================================================================
Received Prepare
Refreshing native plugins compatible for Editor in 2.08 ms, found 1 plugins.
Preloading 0 native plugins for Editor in 0.00 ms.
Unloading 11 Unused Serialized files (Serialized files now loaded: 0)
System memory in use before: 53.5 MB.
System memory in use after: 53.6 MB.

Unloading 11 unused Assets to reduce memory usage. Loaded Objects now: 2504.
Total: 2.689200 ms (FindLiveObjects: 0.390900 ms CreateObjectMapping: 0.131600 ms MarkObjects: 2.053800 ms  DeleteObjects: 0.111200 ms)

AssetImportWorkerClient::OnTransportError - code=2 error=End of file
